[2026-02-19 18:32:52] [INFO] [general.data_dictionary] Generating data dictionary...
[2026-02-19 18:32:52] [INFO] [general.data_dictionary] Scanning raw/Metro_zhvi_uc_sfrcondo_tier_0.33_0.67_sm_sa_month.csv ...
[2026-02-19 18:32:52] [INFO] [general.data_dictionary] Scanning processed/florida_hurricane_proximity_summary.csv ...
[2026-02-19 18:32:52] [INFO] [general.data_dictionary] Scanning processed/florida_hurricanes_1995_2025_noaa.csv ...
[2026-02-19 18:32:52] [INFO] [general.data_dictionary] Scanning processed/florida_storms_60nm_2004_2025.csv ...
[2026-02-19 18:32:52] [INFO] [general.data_dictionary] Scanning processed/florida_storms_60nm_summary.csv ...
[2026-02-19 18:32:52] [INFO] [general.data_dictionary] Scanning processed/hurricane_economic_impacts_1980_2024.csv ...
[2026-02-19 18:32:52] [ERROR] [general.data_dictionary] Error scanning hurricane_economic_impacts_1980_2024.csv: 'NoneType' object has no attribute 'strip'
[2026-02-19 18:32:52] [INFO] [general.data_dictionary] Scanning processed/hurricane_economic_impacts_1980_2024_florida_landfall.csv ...
[2026-02-19 18:32:52] [INFO] [general.data_dictionary] Wrote data dictionary JSON: D:\Users\Logan\Documents\GitHub\qm2023-capstone-1st-row-team\data\final\data_dictionary.json
[2026-02-19 18:32:52] [INFO] [general.data_dictionary] Exported CSV dictionary: D:\Users\Logan\Documents\GitHub\qm2023-capstone-1st-row-team\data\final\data_dictionary.csv (359 entries)
[2026-02-19 18:32:52] [INFO] [general.data_dictionary] Data dictionary: 6 datasets, 359 total columns
[2026-02-19 18:33:53] [INFO] [general.data_dictionary] Generating data dictionary...
[2026-02-19 18:33:53] [INFO] [general.data_dictionary] Scanning raw/Metro_zhvi_uc_sfrcondo_tier_0.33_0.67_sm_sa_month.csv ...
[2026-02-19 18:33:53] [INFO] [general.data_dictionary] Scanning processed/florida_hurricane_proximity_summary.csv ...
[2026-02-19 18:33:53] [INFO] [general.data_dictionary] Scanning processed/florida_hurricanes_1995_2025_noaa.csv ...
[2026-02-19 18:33:53] [INFO] [general.data_dictionary] Scanning processed/florida_storms_60nm_2004_2025.csv ...
[2026-02-19 18:33:53] [INFO] [general.data_dictionary] Scanning processed/florida_storms_60nm_summary.csv ...
[2026-02-19 18:33:53] [INFO] [general.data_dictionary] Scanning processed/hurricane_economic_impacts_1980_2024.csv ...
[2026-02-19 18:33:53] [ERROR] [general.data_dictionary] Error scanning hurricane_economic_impacts_1980_2024.csv: 'NoneType' object has no attribute 'strip'
[2026-02-19 18:33:53] [INFO] [general.data_dictionary] Scanning processed/hurricane_economic_impacts_1980_2024_florida_landfall.csv ...
[2026-02-19 18:33:53] [INFO] [general.data_dictionary] Wrote data dictionary JSON: D:\Users\Logan\Documents\GitHub\qm2023-capstone-1st-row-team\data\final\data_dictionary.json
[2026-02-19 18:33:53] [INFO] [general.data_dictionary] Exported CSV dictionary: D:\Users\Logan\Documents\GitHub\qm2023-capstone-1st-row-team\data\final\data_dictionary.csv (359 entries)
[2026-02-19 18:33:53] [INFO] [general.data_dictionary] Data dictionary: 6 datasets, 359 total columns
[2026-02-19 23:11:17] [INFO] [general.data_dictionary] Generating data dictionary...
[2026-02-19 23:11:17] [INFO] [general.data_dictionary] Scanning raw/Metro_zhvi_uc_sfrcondo_tier_0.33_0.67_sm_sa_month.csv ...
[2026-02-19 23:11:17] [INFO] [general.data_dictionary] Scanning processed/florida_hurricane_proximity_summary.csv ...
[2026-02-19 23:11:17] [INFO] [general.data_dictionary] Scanning processed/florida_hurricanes_1995_2025_noaa.csv ...
[2026-02-19 23:11:17] [INFO] [general.data_dictionary] Scanning processed/florida_storms_60nm_2004_2025.csv ...
[2026-02-19 23:11:17] [INFO] [general.data_dictionary] Scanning processed/florida_storms_60nm_summary.csv ...
[2026-02-19 23:11:17] [INFO] [general.data_dictionary] Scanning processed/hurricane_economic_impacts_1980_2024.csv ...
[2026-02-19 23:11:17] [ERROR] [general.data_dictionary] Error scanning hurricane_economic_impacts_1980_2024.csv: 'NoneType' object has no attribute 'strip'
[2026-02-19 23:11:17] [INFO] [general.data_dictionary] Scanning processed/hurricane_economic_impacts_1980_2024_florida_landfall.csv ...
[2026-02-19 23:11:17] [INFO] [general.data_dictionary] Wrote data dictionary JSON: D:\Users\Logan\Documents\GitHub\qm2023-capstone-1st-row-team\data\final\data_dictionary.json
[2026-02-19 23:11:17] [INFO] [general.data_dictionary] Exported CSV dictionary: D:\Users\Logan\Documents\GitHub\qm2023-capstone-1st-row-team\data\final\data_dictionary.csv (359 entries)
[2026-02-19 23:11:17] [INFO] [general.data_dictionary] Data dictionary: 6 datasets, 359 total columns
[2026-02-19 23:25:53] [INFO] [general.data_dictionary] Generating data dictionary...
[2026-02-19 23:25:53] [INFO] [general.data_dictionary] Scanning raw/Metro_invt_fs_uc_sfrcondo_sm_month.csv ...
[2026-02-19 23:25:53] [INFO] [general.data_dictionary] Scanning raw/Metro_market_temp_index_uc_sfrcondo_month.csv ...
[2026-02-19 23:25:53] [INFO] [general.data_dictionary] Scanning raw/Metro_mean_doz_pending_uc_sfrcondo_sm_month.csv ...
[2026-02-19 23:25:53] [INFO] [general.data_dictionary] Scanning raw/Metro_new_con_sales_count_raw_uc_sfrcondo_month.csv ...
[2026-02-19 23:25:53] [INFO] [general.data_dictionary] Scanning raw/Metro_new_homeowner_income_needed_downpayment_0.20_uc_sfrcondo_tier_0.33_0.67_sm_sa_month.csv ...
[2026-02-19 23:25:54] [INFO] [general.data_dictionary] Scanning raw/Metro_sales_count_now_uc_sfrcondo_month.csv ...
[2026-02-19 23:25:54] [INFO] [general.data_dictionary] Scanning raw/Metro_zhvf_growth_uc_sfrcondo_tier_0.33_0.67_sm_sa_month.csv ...
[2026-02-19 23:25:54] [INFO] [general.data_dictionary] Scanning raw/Metro_zhvi_uc_sfrcondo_tier_0.33_0.67_sm_sa_month.csv ...
[2026-02-19 23:25:54] [INFO] [general.data_dictionary] Scanning raw/Metro_zori_uc_sfrcondomfr_sm_month.csv ...
[2026-02-19 23:25:54] [INFO] [general.data_dictionary] Scanning raw/National_zorf_growth_uc_sfr_sm_month.csv ...
[2026-02-19 23:25:54] [INFO] [general.data_dictionary] Scanning raw/State_zhvi_uc_sfrcondo_tier_0.33_0.67_sm_sa_month.csv ...
[2026-02-19 23:25:54] [INFO] [general.data_dictionary] Scanning processed/florida_hurricane_proximity_summary.csv ...
[2026-02-19 23:25:54] [INFO] [general.data_dictionary] Scanning processed/florida_hurricanes_1995_2025_noaa.csv ...
[2026-02-19 23:25:54] [INFO] [general.data_dictionary] Scanning processed/florida_Metro_invt_fs_uc_sfrcondo_sm_month.csv ...
[2026-02-19 23:25:54] [INFO] [general.data_dictionary] Scanning processed/florida_Metro_market_temp_index_uc_sfrcondo_month.csv ...
[2026-02-19 23:25:54] [INFO] [general.data_dictionary] Scanning processed/florida_Metro_mean_doz_pending_uc_sfrcondo_sm_month.csv ...
[2026-02-19 23:25:54] [INFO] [general.data_dictionary] Scanning processed/florida_Metro_new_con_sales_count_raw_uc_sfrcondo_month.csv ...
[2026-02-19 23:25:54] [INFO] [general.data_dictionary] Scanning processed/florida_Metro_new_homeowner_income_needed_downpayment_0.20_uc_sfrcondo_tier_0.33_0.67_sm_sa_month.csv ...
[2026-02-19 23:25:54] [INFO] [general.data_dictionary] Scanning processed/florida_Metro_sales_count_now_uc_sfrcondo_month.csv ...
[2026-02-19 23:25:54] [INFO] [general.data_dictionary] Scanning processed/florida_Metro_zhvf_growth_uc_sfrcondo_tier_0.33_0.67_sm_sa_month.csv ...
[2026-02-19 23:25:54] [INFO] [general.data_dictionary] Scanning processed/florida_Metro_zhvi_uc_sfrcondo_tier_0.33_0.67_sm_sa_month.csv ...
[2026-02-19 23:25:54] [INFO] [general.data_dictionary] Scanning processed/florida_Metro_zori_uc_sfrcondomfr_sm_month.csv ...
[2026-02-19 23:25:54] [INFO] [general.data_dictionary] Scanning processed/florida_storms_60nm_2004_2025.csv ...
[2026-02-19 23:25:54] [INFO] [general.data_dictionary] Scanning processed/florida_storms_60nm_summary.csv ...
[2026-02-19 23:25:54] [INFO] [general.data_dictionary] Scanning processed/hurricane_economic_impacts_1980_2024.csv ...
[2026-02-19 23:25:54] [ERROR] [general.data_dictionary] Error scanning hurricane_economic_impacts_1980_2024.csv: 'NoneType' object has no attribute 'strip'
[2026-02-19 23:25:54] [INFO] [general.data_dictionary] Scanning processed/hurricane_economic_impacts_1980_2024_florida_landfall.csv ...
[2026-02-19 23:25:54] [INFO] [general.data_dictionary] Wrote data dictionary JSON: D:\Users\Logan\Documents\GitHub\qm2023-capstone-1st-row-team\data\final\data_dictionary.json
[2026-02-19 23:25:54] [INFO] [general.data_dictionary] Exported CSV dictionary: D:\Users\Logan\Documents\GitHub\qm2023-capstone-1st-row-team\data\final\data_dictionary.csv (2893 entries)
[2026-02-19 23:25:54] [INFO] [general.data_dictionary] Data dictionary: 25 datasets, 2893 total columns
[2026-02-19 23:37:02] [INFO] [general.data_dictionary] Generating data dictionary...
[2026-02-19 23:37:02] [INFO] [general.data_dictionary] Scanning raw/Metro_invt_fs_uc_sfrcondo_sm_month.csv ...
[2026-02-19 23:37:02] [INFO] [general.data_dictionary] Scanning raw/Metro_market_temp_index_uc_sfrcondo_month.csv ...
[2026-02-19 23:37:02] [INFO] [general.data_dictionary] Scanning raw/Metro_mean_doz_pending_uc_sfrcondo_sm_month.csv ...
[2026-02-19 23:37:02] [INFO] [general.data_dictionary] Scanning raw/Metro_new_con_sales_count_raw_uc_sfrcondo_month.csv ...
[2026-02-19 23:37:02] [INFO] [general.data_dictionary] Scanning raw/Metro_new_homeowner_income_needed_downpayment_0.20_uc_sfrcondo_tier_0.33_0.67_sm_sa_month.csv ...
[2026-02-19 23:37:02] [INFO] [general.data_dictionary] Scanning raw/Metro_sales_count_now_uc_sfrcondo_month.csv ...
[2026-02-19 23:37:02] [INFO] [general.data_dictionary] Scanning raw/Metro_zhvf_growth_uc_sfrcondo_tier_0.33_0.67_sm_sa_month.csv ...
[2026-02-19 23:37:02] [INFO] [general.data_dictionary] Scanning raw/Metro_zhvi_uc_sfrcondo_tier_0.33_0.67_sm_sa_month.csv ...
[2026-02-19 23:37:02] [INFO] [general.data_dictionary] Scanning raw/Metro_zori_uc_sfrcondomfr_sm_month.csv ...
[2026-02-19 23:37:02] [INFO] [general.data_dictionary] Scanning raw/National_zorf_growth_uc_sfr_sm_month.csv ...
[2026-02-19 23:37:02] [INFO] [general.data_dictionary] Scanning raw/State_zhvi_uc_sfrcondo_tier_0.33_0.67_sm_sa_month.csv ...
[2026-02-19 23:37:02] [INFO] [general.data_dictionary] Scanning processed/florida_hurricane_proximity_summary.csv ...
[2026-02-19 23:37:02] [INFO] [general.data_dictionary] Scanning processed/florida_hurricanes_1995_2025_noaa.csv ...
[2026-02-19 23:37:02] [INFO] [general.data_dictionary] Scanning processed/florida_Metro_invt_fs_uc_sfrcondo_sm_month.csv ...
[2026-02-19 23:37:02] [INFO] [general.data_dictionary] Scanning processed/florida_Metro_market_temp_index_uc_sfrcondo_month.csv ...
[2026-02-19 23:37:02] [INFO] [general.data_dictionary] Scanning processed/florida_Metro_mean_doz_pending_uc_sfrcondo_sm_month.csv ...
[2026-02-19 23:37:02] [INFO] [general.data_dictionary] Scanning processed/florida_Metro_new_con_sales_count_raw_uc_sfrcondo_month.csv ...
[2026-02-19 23:37:02] [INFO] [general.data_dictionary] Scanning processed/florida_Metro_new_homeowner_income_needed_downpayment_0.20_uc_sfrcondo_tier_0.33_0.67_sm_sa_month.csv ...
[2026-02-19 23:37:02] [INFO] [general.data_dictionary] Scanning processed/florida_Metro_sales_count_now_uc_sfrcondo_month.csv ...
[2026-02-19 23:37:02] [INFO] [general.data_dictionary] Scanning processed/florida_Metro_zhvf_growth_uc_sfrcondo_tier_0.33_0.67_sm_sa_month.csv ...
[2026-02-19 23:37:02] [INFO] [general.data_dictionary] Scanning processed/florida_Metro_zhvi_uc_sfrcondo_tier_0.33_0.67_sm_sa_month.csv ...
[2026-02-19 23:37:02] [INFO] [general.data_dictionary] Scanning processed/florida_Metro_zori_uc_sfrcondomfr_sm_month.csv ...
[2026-02-19 23:37:02] [INFO] [general.data_dictionary] Scanning processed/florida_storms_60nm_2004_2025.csv ...
[2026-02-19 23:37:02] [INFO] [general.data_dictionary] Scanning processed/florida_storms_60nm_summary.csv ...
[2026-02-19 23:37:02] [INFO] [general.data_dictionary] Scanning processed/hurricane_economic_impacts_1980_2024.csv ...
[2026-02-19 23:37:02] [ERROR] [general.data_dictionary] Error scanning hurricane_economic_impacts_1980_2024.csv: 'NoneType' object has no attribute 'strip'
[2026-02-19 23:37:02] [INFO] [general.data_dictionary] Scanning processed/hurricane_economic_impacts_1980_2024_florida_landfall.csv ...
[2026-02-19 23:37:02] [INFO] [general.data_dictionary] Wrote data dictionary JSON: D:\Users\Logan\Documents\GitHub\qm2023-capstone-1st-row-team\data\final\data_dictionary.json
[2026-02-19 23:37:02] [INFO] [general.data_dictionary] Exported CSV dictionary: D:\Users\Logan\Documents\GitHub\qm2023-capstone-1st-row-team\data\final\data_dictionary.csv (2893 entries)
[2026-02-19 23:37:02] [INFO] [general.data_dictionary] Data dictionary: 25 datasets, 2893 total columns
[2026-02-19 23:37:44] [INFO] [general.data_dictionary] Generating data dictionary...
[2026-02-19 23:37:44] [INFO] [general.data_dictionary] Scanning raw/Metro_invt_fs_uc_sfrcondo_sm_month.csv ...
[2026-02-19 23:37:44] [INFO] [general.data_dictionary] Scanning raw/Metro_market_temp_index_uc_sfrcondo_month.csv ...
[2026-02-19 23:37:44] [INFO] [general.data_dictionary] Scanning raw/Metro_mean_doz_pending_uc_sfrcondo_sm_month.csv ...
[2026-02-19 23:37:44] [INFO] [general.data_dictionary] Scanning raw/Metro_new_con_sales_count_raw_uc_sfrcondo_month.csv ...
[2026-02-19 23:37:45] [INFO] [general.data_dictionary] Scanning raw/Metro_new_homeowner_income_needed_downpayment_0.20_uc_sfrcondo_tier_0.33_0.67_sm_sa_month.csv ...
[2026-02-19 23:37:45] [INFO] [general.data_dictionary] Scanning raw/Metro_sales_count_now_uc_sfrcondo_month.csv ...
[2026-02-19 23:37:45] [INFO] [general.data_dictionary] Scanning raw/Metro_zhvf_growth_uc_sfrcondo_tier_0.33_0.67_sm_sa_month.csv ...
[2026-02-19 23:37:45] [INFO] [general.data_dictionary] Scanning raw/Metro_zhvi_uc_sfrcondo_tier_0.33_0.67_sm_sa_month.csv ...
[2026-02-19 23:37:45] [INFO] [general.data_dictionary] Scanning raw/Metro_zori_uc_sfrcondomfr_sm_month.csv ...
[2026-02-19 23:37:45] [INFO] [general.data_dictionary] Scanning raw/National_zorf_growth_uc_sfr_sm_month.csv ...
[2026-02-19 23:37:45] [INFO] [general.data_dictionary] Scanning raw/State_zhvi_uc_sfrcondo_tier_0.33_0.67_sm_sa_month.csv ...
[2026-02-19 23:37:45] [INFO] [general.data_dictionary] Scanning processed/florida_hurricane_proximity_summary.csv ...
[2026-02-19 23:37:45] [INFO] [general.data_dictionary] Scanning processed/florida_hurricanes_1995_2025_noaa.csv ...
[2026-02-19 23:37:45] [INFO] [general.data_dictionary] Scanning processed/florida_Metro_invt_fs_uc_sfrcondo_sm_month.csv ...
[2026-02-19 23:37:45] [INFO] [general.data_dictionary] Scanning processed/florida_Metro_market_temp_index_uc_sfrcondo_month.csv ...
[2026-02-19 23:37:45] [INFO] [general.data_dictionary] Scanning processed/florida_Metro_mean_doz_pending_uc_sfrcondo_sm_month.csv ...
[2026-02-19 23:37:45] [INFO] [general.data_dictionary] Scanning processed/florida_Metro_new_con_sales_count_raw_uc_sfrcondo_month.csv ...
[2026-02-19 23:37:45] [INFO] [general.data_dictionary] Scanning processed/florida_Metro_new_homeowner_income_needed_downpayment_0.20_uc_sfrcondo_tier_0.33_0.67_sm_sa_month.csv ...
[2026-02-19 23:37:45] [INFO] [general.data_dictionary] Scanning processed/florida_Metro_sales_count_now_uc_sfrcondo_month.csv ...
[2026-02-19 23:37:45] [INFO] [general.data_dictionary] Scanning processed/florida_Metro_zhvf_growth_uc_sfrcondo_tier_0.33_0.67_sm_sa_month.csv ...
[2026-02-19 23:37:45] [INFO] [general.data_dictionary] Scanning processed/florida_Metro_zhvi_uc_sfrcondo_tier_0.33_0.67_sm_sa_month.csv ...
[2026-02-19 23:37:45] [INFO] [general.data_dictionary] Scanning processed/florida_Metro_zori_uc_sfrcondomfr_sm_month.csv ...
[2026-02-19 23:37:45] [INFO] [general.data_dictionary] Scanning processed/florida_storms_60nm_2004_2025.csv ...
[2026-02-19 23:37:45] [INFO] [general.data_dictionary] Scanning processed/florida_storms_60nm_summary.csv ...
[2026-02-19 23:37:45] [INFO] [general.data_dictionary] Scanning processed/hurricane_economic_impacts_1980_2024.csv ...
[2026-02-19 23:37:45] [ERROR] [general.data_dictionary] Error scanning hurricane_economic_impacts_1980_2024.csv: 'NoneType' object has no attribute 'strip'
[2026-02-19 23:37:45] [INFO] [general.data_dictionary] Scanning processed/hurricane_economic_impacts_1980_2024_florida_landfall.csv ...
[2026-02-19 23:37:45] [INFO] [general.data_dictionary] Wrote data dictionary JSON: D:\Users\Logan\Documents\GitHub\qm2023-capstone-1st-row-team\data\final\data_dictionary.json
[2026-02-19 23:37:45] [INFO] [general.data_dictionary] Exported CSV dictionary: D:\Users\Logan\Documents\GitHub\qm2023-capstone-1st-row-team\data\final\data_dictionary.csv (2893 entries)
[2026-02-19 23:37:45] [INFO] [general.data_dictionary] Data dictionary: 25 datasets, 2893 total columns
[2026-02-19 23:37:49] [INFO] [general.data_dictionary] Generating data dictionary...
[2026-02-19 23:37:49] [INFO] [general.data_dictionary] Scanning raw/Metro_invt_fs_uc_sfrcondo_sm_month.csv ...
[2026-02-19 23:37:49] [INFO] [general.data_dictionary] Scanning raw/Metro_market_temp_index_uc_sfrcondo_month.csv ...
[2026-02-19 23:37:49] [INFO] [general.data_dictionary] Scanning raw/Metro_mean_doz_pending_uc_sfrcondo_sm_month.csv ...
[2026-02-19 23:37:49] [INFO] [general.data_dictionary] Scanning raw/Metro_new_con_sales_count_raw_uc_sfrcondo_month.csv ...
[2026-02-19 23:37:49] [INFO] [general.data_dictionary] Scanning raw/Metro_new_homeowner_income_needed_downpayment_0.20_uc_sfrcondo_tier_0.33_0.67_sm_sa_month.csv ...
[2026-02-19 23:37:49] [INFO] [general.data_dictionary] Scanning raw/Metro_sales_count_now_uc_sfrcondo_month.csv ...
[2026-02-19 23:37:49] [INFO] [general.data_dictionary] Scanning raw/Metro_zhvf_growth_uc_sfrcondo_tier_0.33_0.67_sm_sa_month.csv ...
[2026-02-19 23:37:49] [INFO] [general.data_dictionary] Scanning raw/Metro_zhvi_uc_sfrcondo_tier_0.33_0.67_sm_sa_month.csv ...
[2026-02-19 23:37:49] [INFO] [general.data_dictionary] Scanning raw/Metro_zori_uc_sfrcondomfr_sm_month.csv ...
[2026-02-19 23:37:49] [INFO] [general.data_dictionary] Scanning raw/National_zorf_growth_uc_sfr_sm_month.csv ...
[2026-02-19 23:37:49] [INFO] [general.data_dictionary] Scanning raw/State_zhvi_uc_sfrcondo_tier_0.33_0.67_sm_sa_month.csv ...
[2026-02-19 23:37:50] [INFO] [general.data_dictionary] Scanning processed/florida_hurricane_proximity_summary.csv ...
[2026-02-19 23:37:50] [INFO] [general.data_dictionary] Scanning processed/florida_hurricanes_1995_2025_noaa.csv ...
[2026-02-19 23:37:50] [INFO] [general.data_dictionary] Scanning processed/florida_Metro_invt_fs_uc_sfrcondo_sm_month.csv ...
[2026-02-19 23:37:50] [INFO] [general.data_dictionary] Scanning processed/florida_Metro_market_temp_index_uc_sfrcondo_month.csv ...
[2026-02-19 23:37:50] [INFO] [general.data_dictionary] Scanning processed/florida_Metro_mean_doz_pending_uc_sfrcondo_sm_month.csv ...
[2026-02-19 23:37:50] [INFO] [general.data_dictionary] Scanning processed/florida_Metro_new_con_sales_count_raw_uc_sfrcondo_month.csv ...
[2026-02-19 23:37:50] [INFO] [general.data_dictionary] Scanning processed/florida_Metro_new_homeowner_income_needed_downpayment_0.20_uc_sfrcondo_tier_0.33_0.67_sm_sa_month.csv ...
[2026-02-19 23:37:50] [INFO] [general.data_dictionary] Scanning processed/florida_Metro_sales_count_now_uc_sfrcondo_month.csv ...
[2026-02-19 23:37:50] [INFO] [general.data_dictionary] Scanning processed/florida_Metro_zhvf_growth_uc_sfrcondo_tier_0.33_0.67_sm_sa_month.csv ...
[2026-02-19 23:37:50] [INFO] [general.data_dictionary] Scanning processed/florida_Metro_zhvi_uc_sfrcondo_tier_0.33_0.67_sm_sa_month.csv ...
[2026-02-19 23:37:50] [INFO] [general.data_dictionary] Scanning processed/florida_Metro_zori_uc_sfrcondomfr_sm_month.csv ...
[2026-02-19 23:37:50] [INFO] [general.data_dictionary] Scanning processed/florida_storms_60nm_2004_2025.csv ...
[2026-02-19 23:37:50] [INFO] [general.data_dictionary] Scanning processed/florida_storms_60nm_summary.csv ...
[2026-02-19 23:37:50] [INFO] [general.data_dictionary] Scanning processed/hurricane_economic_impacts_1980_2024.csv ...
[2026-02-19 23:37:50] [ERROR] [general.data_dictionary] Error scanning hurricane_economic_impacts_1980_2024.csv: 'NoneType' object has no attribute 'strip'
[2026-02-19 23:37:50] [INFO] [general.data_dictionary] Scanning processed/hurricane_economic_impacts_1980_2024_florida_landfall.csv ...
[2026-02-19 23:37:50] [INFO] [general.data_dictionary] Wrote data dictionary JSON: D:\Users\Logan\Documents\GitHub\qm2023-capstone-1st-row-team\data\final\data_dictionary.json
[2026-02-19 23:37:50] [INFO] [general.data_dictionary] Exported CSV dictionary: D:\Users\Logan\Documents\GitHub\qm2023-capstone-1st-row-team\data\final\data_dictionary.csv (2893 entries)
[2026-02-19 23:37:50] [INFO] [general.data_dictionary] Data dictionary: 25 datasets, 2893 total columns
[2026-02-19 23:43:44] [INFO] [general.data_dictionary] Generating data dictionary...
[2026-02-19 23:43:44] [INFO] [general.data_dictionary] Scanning raw/Metro_invt_fs_uc_sfrcondo_sm_month.csv ...
[2026-02-19 23:43:44] [INFO] [general.data_dictionary] Scanning raw/Metro_market_temp_index_uc_sfrcondo_month.csv ...
[2026-02-19 23:43:44] [INFO] [general.data_dictionary] Scanning raw/Metro_mean_doz_pending_uc_sfrcondo_sm_month.csv ...
[2026-02-19 23:43:44] [INFO] [general.data_dictionary] Scanning raw/Metro_new_con_sales_count_raw_uc_sfrcondo_month.csv ...
[2026-02-19 23:43:44] [INFO] [general.data_dictionary] Scanning raw/Metro_new_homeowner_income_needed_downpayment_0.20_uc_sfrcondo_tier_0.33_0.67_sm_sa_month.csv ...
[2026-02-19 23:43:44] [INFO] [general.data_dictionary] Scanning raw/Metro_sales_count_now_uc_sfrcondo_month.csv ...
[2026-02-19 23:43:44] [INFO] [general.data_dictionary] Scanning raw/Metro_zhvf_growth_uc_sfrcondo_tier_0.33_0.67_sm_sa_month.csv ...
[2026-02-19 23:43:44] [INFO] [general.data_dictionary] Scanning raw/Metro_zhvi_uc_sfrcondo_tier_0.33_0.67_sm_sa_month.csv ...
[2026-02-19 23:43:44] [INFO] [general.data_dictionary] Scanning raw/Metro_zori_uc_sfrcondomfr_sm_month.csv ...
[2026-02-19 23:43:44] [INFO] [general.data_dictionary] Scanning raw/National_zorf_growth_uc_sfr_sm_month.csv ...
[2026-02-19 23:43:44] [INFO] [general.data_dictionary] Scanning raw/State_zhvi_uc_sfrcondo_tier_0.33_0.67_sm_sa_month.csv ...
[2026-02-19 23:43:44] [INFO] [general.data_dictionary] Scanning processed/florida_hurricane_proximity_summary.csv ...
[2026-02-19 23:43:44] [INFO] [general.data_dictionary] Scanning processed/florida_hurricanes_1995_2025_noaa.csv ...
[2026-02-19 23:43:44] [INFO] [general.data_dictionary] Scanning processed/florida_Metro_invt_fs_uc_sfrcondo_sm_month.csv ...
[2026-02-19 23:43:44] [INFO] [general.data_dictionary] Scanning processed/florida_Metro_market_temp_index_uc_sfrcondo_month.csv ...
[2026-02-19 23:43:44] [INFO] [general.data_dictionary] Scanning processed/florida_Metro_mean_doz_pending_uc_sfrcondo_sm_month.csv ...
[2026-02-19 23:43:44] [INFO] [general.data_dictionary] Scanning processed/florida_Metro_new_con_sales_count_raw_uc_sfrcondo_month.csv ...
[2026-02-19 23:43:44] [INFO] [general.data_dictionary] Scanning processed/florida_Metro_new_homeowner_income_needed_downpayment_0.20_uc_sfrcondo_tier_0.33_0.67_sm_sa_month.csv ...
[2026-02-19 23:43:44] [INFO] [general.data_dictionary] Scanning processed/florida_Metro_sales_count_now_uc_sfrcondo_month.csv ...
[2026-02-19 23:43:44] [INFO] [general.data_dictionary] Scanning processed/florida_Metro_zhvf_growth_uc_sfrcondo_tier_0.33_0.67_sm_sa_month.csv ...
[2026-02-19 23:43:44] [INFO] [general.data_dictionary] Scanning processed/florida_Metro_zhvi_uc_sfrcondo_tier_0.33_0.67_sm_sa_month.csv ...
[2026-02-19 23:43:44] [INFO] [general.data_dictionary] Scanning processed/florida_Metro_zori_uc_sfrcondomfr_sm_month.csv ...
[2026-02-19 23:43:44] [INFO] [general.data_dictionary] Scanning processed/florida_storms_60nm_2004_2025.csv ...
[2026-02-19 23:43:44] [INFO] [general.data_dictionary] Scanning processed/florida_storms_60nm_summary.csv ...
[2026-02-19 23:43:44] [INFO] [general.data_dictionary] Scanning processed/hurricane_economic_impacts_1980_2024.csv ...
[2026-02-19 23:43:44] [ERROR] [general.data_dictionary] Error scanning hurricane_economic_impacts_1980_2024.csv: 'NoneType' object has no attribute 'strip'
[2026-02-19 23:43:44] [INFO] [general.data_dictionary] Scanning processed/hurricane_economic_impacts_1980_2024_florida_landfall.csv ...
[2026-02-19 23:43:44] [INFO] [general.data_dictionary] Wrote data dictionary JSON: D:\Users\Logan\Documents\GitHub\qm2023-capstone-1st-row-team\data\final\data_dictionary.json
[2026-02-19 23:43:45] [INFO] [general.data_dictionary] Exported CSV dictionary: D:\Users\Logan\Documents\GitHub\qm2023-capstone-1st-row-team\data\final\data_dictionary.csv (2893 entries)
[2026-02-19 23:43:45] [INFO] [general.data_dictionary] Data dictionary: 25 datasets, 2893 total columns
[2026-02-20 00:11:15] [INFO] [general.data_dictionary] Generating data dictionary...
[2026-02-20 00:11:15] [INFO] [general.data_dictionary] Scanning raw/Metro_invt_fs_uc_sfrcondo_sm_month.csv ...
[2026-02-20 00:11:15] [INFO] [general.data_dictionary] Scanning raw/Metro_market_temp_index_uc_sfrcondo_month.csv ...
[2026-02-20 00:11:15] [INFO] [general.data_dictionary] Scanning raw/Metro_mean_doz_pending_uc_sfrcondo_sm_month.csv ...
[2026-02-20 00:11:15] [INFO] [general.data_dictionary] Scanning raw/Metro_new_con_sales_count_raw_uc_sfrcondo_month.csv ...
[2026-02-20 00:11:15] [INFO] [general.data_dictionary] Scanning raw/Metro_new_homeowner_income_needed_downpayment_0.20_uc_sfrcondo_tier_0.33_0.67_sm_sa_month.csv ...
[2026-02-20 00:11:15] [INFO] [general.data_dictionary] Scanning raw/Metro_sales_count_now_uc_sfrcondo_month.csv ...
[2026-02-20 00:11:15] [INFO] [general.data_dictionary] Scanning raw/Metro_zhvf_growth_uc_sfrcondo_tier_0.33_0.67_sm_sa_month.csv ...
[2026-02-20 00:11:15] [INFO] [general.data_dictionary] Scanning raw/Metro_zhvi_uc_sfrcondo_tier_0.33_0.67_sm_sa_month.csv ...
[2026-02-20 00:11:15] [INFO] [general.data_dictionary] Scanning raw/Metro_zori_uc_sfrcondomfr_sm_month.csv ...
[2026-02-20 00:11:15] [INFO] [general.data_dictionary] Scanning raw/National_zorf_growth_uc_sfr_sm_month.csv ...
[2026-02-20 00:11:15] [INFO] [general.data_dictionary] Scanning raw/State_zhvi_uc_sfrcondo_tier_0.33_0.67_sm_sa_month.csv ...
[2026-02-20 00:11:15] [INFO] [general.data_dictionary] Scanning processed/florida_hurricane_proximity_summary.csv ...
[2026-02-20 00:11:15] [INFO] [general.data_dictionary] Scanning processed/florida_hurricanes_1995_2025_noaa.csv ...
[2026-02-20 00:11:15] [INFO] [general.data_dictionary] Scanning processed/florida_Metro_invt_fs_uc_sfrcondo_sm_month.csv ...
[2026-02-20 00:11:15] [INFO] [general.data_dictionary] Scanning processed/florida_Metro_market_temp_index_uc_sfrcondo_month.csv ...
[2026-02-20 00:11:15] [INFO] [general.data_dictionary] Scanning processed/florida_Metro_mean_doz_pending_uc_sfrcondo_sm_month.csv ...
[2026-02-20 00:11:15] [INFO] [general.data_dictionary] Scanning processed/florida_Metro_new_con_sales_count_raw_uc_sfrcondo_month.csv ...
[2026-02-20 00:11:15] [INFO] [general.data_dictionary] Scanning processed/florida_Metro_new_homeowner_income_needed_downpayment_0.20_uc_sfrcondo_tier_0.33_0.67_sm_sa_month.csv ...
[2026-02-20 00:11:15] [INFO] [general.data_dictionary] Scanning processed/florida_Metro_sales_count_now_uc_sfrcondo_month.csv ...
[2026-02-20 00:11:15] [INFO] [general.data_dictionary] Scanning processed/florida_Metro_zhvf_growth_uc_sfrcondo_tier_0.33_0.67_sm_sa_month.csv ...
[2026-02-20 00:11:15] [INFO] [general.data_dictionary] Scanning processed/florida_Metro_zhvi_uc_sfrcondo_tier_0.33_0.67_sm_sa_month.csv ...
[2026-02-20 00:11:15] [INFO] [general.data_dictionary] Scanning processed/florida_Metro_zori_uc_sfrcondomfr_sm_month.csv ...
[2026-02-20 00:11:15] [INFO] [general.data_dictionary] Scanning processed/florida_storms_60nm_2004_2025.csv ...
[2026-02-20 00:11:15] [INFO] [general.data_dictionary] Scanning processed/florida_storms_60nm_summary.csv ...
[2026-02-20 00:11:15] [INFO] [general.data_dictionary] Scanning processed/hurricane_economic_impacts_1980_2024.csv ...
[2026-02-20 00:11:15] [ERROR] [general.data_dictionary] Error scanning hurricane_economic_impacts_1980_2024.csv: 'NoneType' object has no attribute 'strip'
[2026-02-20 00:11:15] [INFO] [general.data_dictionary] Scanning processed/hurricane_economic_impacts_1980_2024_florida_landfall.csv ...
[2026-02-20 00:11:15] [INFO] [general.data_dictionary] Wrote data dictionary JSON: D:\Users\Logan\Documents\GitHub\qm2023-capstone-1st-row-team\data\final\data_dictionary.json
[2026-02-20 00:11:15] [INFO] [general.data_dictionary] Exported CSV dictionary: D:\Users\Logan\Documents\GitHub\qm2023-capstone-1st-row-team\data\final\data_dictionary.csv (2893 entries)
[2026-02-20 00:11:15] [INFO] [general.data_dictionary] Data dictionary: 25 datasets, 2893 total columns
[2026-02-20 00:11:25] [INFO] [general.data_dictionary] Generating data dictionary...
[2026-02-20 00:11:25] [INFO] [general.data_dictionary] Scanning raw/Metro_invt_fs_uc_sfrcondo_sm_month.csv ...
[2026-02-20 00:11:25] [INFO] [general.data_dictionary] Scanning raw/Metro_market_temp_index_uc_sfrcondo_month.csv ...
[2026-02-20 00:11:25] [INFO] [general.data_dictionary] Scanning raw/Metro_mean_doz_pending_uc_sfrcondo_sm_month.csv ...
[2026-02-20 00:11:25] [INFO] [general.data_dictionary] Scanning raw/Metro_new_con_sales_count_raw_uc_sfrcondo_month.csv ...
[2026-02-20 00:11:25] [INFO] [general.data_dictionary] Scanning raw/Metro_new_homeowner_income_needed_downpayment_0.20_uc_sfrcondo_tier_0.33_0.67_sm_sa_month.csv ...
[2026-02-20 00:11:25] [INFO] [general.data_dictionary] Scanning raw/Metro_sales_count_now_uc_sfrcondo_month.csv ...
[2026-02-20 00:11:25] [INFO] [general.data_dictionary] Scanning raw/Metro_zhvf_growth_uc_sfrcondo_tier_0.33_0.67_sm_sa_month.csv ...
[2026-02-20 00:11:25] [INFO] [general.data_dictionary] Scanning raw/Metro_zhvi_uc_sfrcondo_tier_0.33_0.67_sm_sa_month.csv ...
[2026-02-20 00:11:25] [INFO] [general.data_dictionary] Scanning raw/Metro_zori_uc_sfrcondomfr_sm_month.csv ...
[2026-02-20 00:11:26] [INFO] [general.data_dictionary] Scanning raw/National_zorf_growth_uc_sfr_sm_month.csv ...
[2026-02-20 00:11:26] [INFO] [general.data_dictionary] Scanning raw/State_zhvi_uc_sfrcondo_tier_0.33_0.67_sm_sa_month.csv ...
[2026-02-20 00:11:26] [INFO] [general.data_dictionary] Scanning processed/florida_hurricane_proximity_summary.csv ...
[2026-02-20 00:11:26] [INFO] [general.data_dictionary] Scanning processed/florida_hurricanes_1995_2025_noaa.csv ...
[2026-02-20 00:11:26] [INFO] [general.data_dictionary] Scanning processed/florida_Metro_invt_fs_uc_sfrcondo_sm_month.csv ...
[2026-02-20 00:11:26] [INFO] [general.data_dictionary] Scanning processed/florida_Metro_market_temp_index_uc_sfrcondo_month.csv ...
[2026-02-20 00:11:26] [INFO] [general.data_dictionary] Scanning processed/florida_Metro_mean_doz_pending_uc_sfrcondo_sm_month.csv ...
[2026-02-20 00:11:26] [INFO] [general.data_dictionary] Scanning processed/florida_Metro_new_con_sales_count_raw_uc_sfrcondo_month.csv ...
[2026-02-20 00:11:26] [INFO] [general.data_dictionary] Scanning processed/florida_Metro_new_homeowner_income_needed_downpayment_0.20_uc_sfrcondo_tier_0.33_0.67_sm_sa_month.csv ...
[2026-02-20 00:11:26] [INFO] [general.data_dictionary] Scanning processed/florida_Metro_sales_count_now_uc_sfrcondo_month.csv ...
[2026-02-20 00:11:26] [INFO] [general.data_dictionary] Scanning processed/florida_Metro_zhvf_growth_uc_sfrcondo_tier_0.33_0.67_sm_sa_month.csv ...
[2026-02-20 00:11:26] [INFO] [general.data_dictionary] Scanning processed/florida_Metro_zhvi_uc_sfrcondo_tier_0.33_0.67_sm_sa_month.csv ...
[2026-02-20 00:11:26] [INFO] [general.data_dictionary] Scanning processed/florida_Metro_zori_uc_sfrcondomfr_sm_month.csv ...
[2026-02-20 00:11:26] [INFO] [general.data_dictionary] Scanning processed/florida_storms_60nm_2004_2025.csv ...
[2026-02-20 00:11:26] [INFO] [general.data_dictionary] Scanning processed/florida_storms_60nm_summary.csv ...
[2026-02-20 00:11:26] [INFO] [general.data_dictionary] Scanning processed/hurricane_economic_impacts_1980_2024.csv ...
[2026-02-20 00:11:26] [ERROR] [general.data_dictionary] Error scanning hurricane_economic_impacts_1980_2024.csv: 'NoneType' object has no attribute 'strip'
[2026-02-20 00:11:26] [INFO] [general.data_dictionary] Scanning processed/hurricane_economic_impacts_1980_2024_florida_landfall.csv ...
[2026-02-20 00:11:26] [INFO] [general.data_dictionary] Wrote data dictionary JSON: D:\Users\Logan\Documents\GitHub\qm2023-capstone-1st-row-team\data\final\data_dictionary.json
[2026-02-20 00:11:26] [INFO] [general.data_dictionary] Exported CSV dictionary: D:\Users\Logan\Documents\GitHub\qm2023-capstone-1st-row-team\data\final\data_dictionary.csv (2893 entries)
[2026-02-20 00:11:26] [INFO] [general.data_dictionary] Data dictionary: 25 datasets, 2893 total columns
[2026-02-20 00:31:35] [INFO] [build.master] ============================================================
[2026-02-20 00:31:35] [INFO] [build.master] BUILD MASTER DATASET
[2026-02-20 00:31:35] [INFO] [build.master]   Filter + Merge (automated)
[2026-02-20 00:31:35] [INFO] [build.master] ============================================================
[2026-02-20 00:31:35] [INFO] [build.master] [1/4] Filtering Zillow data to Florida MSAs...
[2026-02-20 00:31:35] [INFO] [build.master]   9 Zillow files ready
[2026-02-20 00:31:35] [INFO] [build.master] [2/4] Running hurricane filters...
[2026-02-20 00:31:35] [INFO] [build.master]   Running filter_florida_storms_60nm.py ...
[2026-02-20 00:31:35] [ERROR] [build.master]   FAILED filter_florida_storms_60nm.py: 
[2026-02-20 00:31:35] [INFO] [build.master]   Running filter_florida_landfall_hurricanes.py ...
[2026-02-20 00:31:37] [INFO] [build.master] [3/4] Running specialized merges...
[2026-02-20 00:31:37] [INFO] [build.master]   Running merge_hurricane_economic.py ...
[2026-02-20 00:31:37] [INFO] [build.master]   Running merge_zillow_metrics.py ...
[2026-02-20 00:31:38] [INFO] [build.master] [4/4] Building master_dataset.csv...
[2026-02-20 00:31:38] [INFO] [build.master]   Loading florida_hurricane_economic_merged.csv
[2026-02-20 00:31:38] [INFO] [build.master]     22 rows × 11 cols
[2026-02-20 00:31:38] [INFO] [build.master]   Loading florida_hurricane_proximity_summary.csv
[2026-02-20 00:31:38] [INFO] [build.master]     7 rows × 6 cols
[2026-02-20 00:31:38] [INFO] [build.master]   Loading florida_hurricanes_1995_2025_noaa.csv
[2026-02-20 00:31:38] [INFO] [build.master]     27 rows × 12 cols
[2026-02-20 00:31:38] [INFO] [build.master]   Loading florida_Metro_invt_fs_uc_sfrcondo_sm_month.csv
[2026-02-20 00:31:38] [INFO] [build.master]     29 rows × 101 cols
[2026-02-20 00:31:38] [INFO] [build.master]   Loading florida_Metro_market_temp_index_uc_sfrcondo_month.csv
[2026-02-20 00:31:38] [INFO] [build.master]     29 rows × 103 cols
[2026-02-20 00:31:38] [INFO] [build.master]   Loading florida_Metro_mean_doz_pending_uc_sfrcondo_sm_month.csv
[2026-02-20 00:31:38] [INFO] [build.master]     25 rows × 101 cols
[2026-02-20 00:31:38] [INFO] [build.master]   Loading florida_Metro_new_con_sales_count_raw_uc_sfrcondo_month.csv
[2026-02-20 00:31:38] [INFO] [build.master]     26 rows × 102 cols
[2026-02-20 00:31:38] [INFO] [build.master]   Loading florida_Metro_new_homeowner_income_needed_downpayment_0.20_uc_sfrcondo_tier_0.33_0.67_sm_sa_month.csv
[2026-02-20 00:31:38] [INFO] [build.master]     22 rows × 175 cols
[2026-02-20 00:31:38] [INFO] [build.master]   Loading florida_Metro_sales_count_now_uc_sfrcondo_month.csv
[2026-02-20 00:31:38] [INFO] [build.master]     8 rows × 222 cols
[2026-02-20 00:31:38] [INFO] [build.master]   Loading florida_Metro_zhvf_growth_uc_sfrcondo_tier_0.33_0.67_sm_sa_month.csv
[2026-02-20 00:31:38] [INFO] [build.master]     29 rows × 10 cols
[2026-02-20 00:31:38] [INFO] [build.master]   Loading florida_Metro_zhvi_uc_sfrcondo_tier_0.33_0.67_sm_sa_month.csv
[2026-02-20 00:31:38] [INFO] [build.master]     29 rows × 319 cols
[2026-02-20 00:31:38] [INFO] [build.master]   Loading florida_Metro_zori_uc_sfrcondomfr_sm_month.csv
[2026-02-20 00:31:38] [INFO] [build.master]     26 rows × 139 cols
[2026-02-20 00:31:38] [INFO] [build.master]   Loading florida_storms_60nm_2004_2025.csv
[2026-02-20 00:31:38] [INFO] [build.master]     5 rows × 12 cols
[2026-02-20 00:31:38] [INFO] [build.master]   Loading florida_storms_60nm_summary.csv
[2026-02-20 00:31:38] [INFO] [build.master]     1 rows × 7 cols
[2026-02-20 00:31:38] [INFO] [build.master]   Loading florida_zillow_metrics_monthly.csv
[2026-02-20 00:31:38] [INFO] [build.master]     9164 rows × 14 cols
[2026-02-20 00:31:38] [INFO] [build.master]   Loading hurricane_economic_impacts_1980_2024.csv
[2026-02-20 00:31:38] [INFO] [build.master]     69 rows × 9 cols
[2026-02-20 00:31:38] [INFO] [build.master]   Loading hurricane_economic_impacts_1980_2024_florida_landfall.csv
[2026-02-20 00:31:38] [INFO] [build.master]     22 rows × 9 cols
[2026-02-20 00:31:39] [INFO] [build.master] ==================================================
[2026-02-20 00:31:39] [INFO] [build.master] master_dataset.csv written: 9540 rows × 373 cols
[2026-02-20 00:31:39] [INFO] [build.master] Source datasets: florida_hurricane_economic_merged.csv, florida_hurricane_proximity_summary.csv, florida_hurricanes_1995_2025_noaa.csv, florida_Metro_invt_fs_uc_sfrcondo_sm_month.csv, florida_Metro_market_temp_index_uc_sfrcondo_month.csv, florida_Metro_mean_doz_pending_uc_sfrcondo_sm_month.csv, florida_Metro_new_con_sales_count_raw_uc_sfrcondo_month.csv, florida_Metro_new_homeowner_income_needed_downpayment_0.20_uc_sfrcondo_tier_0.33_0.67_sm_sa_month.csv, florida_Metro_sales_count_now_uc_sfrcondo_month.csv, florida_Metro_zhvf_growth_uc_sfrcondo_tier_0.33_0.67_sm_sa_month.csv, florida_Metro_zhvi_uc_sfrcondo_tier_0.33_0.67_sm_sa_month.csv, florida_Metro_zori_uc_sfrcondomfr_sm_month.csv, florida_storms_60nm_2004_2025.csv, florida_storms_60nm_summary.csv, florida_zillow_metrics_monthly.csv, hurricane_economic_impacts_1980_2024.csv, hurricane_economic_impacts_1980_2024_florida_landfall.csv
[2026-02-20 00:31:39] [INFO] [build.master] Data dictionary written: D:\Users\Logan\Documents\GitHub\qm2023-capstone-1st-row-team\data\final\data_dictionary.csv
[2026-02-20 00:31:39] [INFO] [build.master] BUILD COMPLETE: D:\Users\Logan\Documents\GitHub\qm2023-capstone-1st-row-team\data\final\master_dataset.csv
[2026-02-20 00:47:37] [INFO] [build.master] ============================================================
[2026-02-20 00:47:37] [INFO] [build.master] BUILD MASTER DATASET
[2026-02-20 00:47:37] [INFO] [build.master]   Filter + Merge (automated)
[2026-02-20 00:47:37] [INFO] [build.master] ============================================================
[2026-02-20 00:47:37] [INFO] [build.master] [1/4] Filtering Zillow data to Florida MSAs...
[2026-02-20 00:47:37] [INFO] [build.master]   9 Zillow files ready
[2026-02-20 00:47:37] [INFO] [build.master] [2/4] Running hurricane filters...
[2026-02-20 00:47:37] [INFO] [build.master]   Running filter_florida_storms_60nm.py ...
[2026-02-20 00:47:37] [ERROR] [build.master]   FAILED filter_florida_storms_60nm.py: 
[2026-02-20 00:47:37] [INFO] [build.master]   Running filter_florida_landfall_hurricanes.py ...
[2026-02-20 00:47:39] [INFO] [build.master] [3/4] Running specialized merges...
[2026-02-20 00:47:39] [INFO] [build.master]   Running merge_hurricane_economic.py ...
[2026-02-20 00:47:39] [INFO] [build.master]   Running merge_zillow_metrics.py ...
[2026-02-20 00:47:40] [INFO] [build.master] [4/4] Building master_dataset.csv...
[2026-02-20 00:47:40] [INFO] [build.master]   Loading cleaned_florida_hurricane_economic_merged.csv
[2026-02-20 00:47:40] [INFO] [build.master]     22 rows × 11 cols
[2026-02-20 00:47:40] [INFO] [build.master]   Loading cleaned_hurricane_economic_impacts_1980_2024.csv
[2026-02-20 00:47:40] [INFO] [build.master]     67 rows × 9 cols
[2026-02-20 00:47:40] [INFO] [build.master]   Loading cleaned_hurricane_economic_impacts_1980_2024_florida_landfall.csv
[2026-02-20 00:47:40] [INFO] [build.master]     22 rows × 9 cols
[2026-02-20 00:47:40] [INFO] [build.master]   Loading cleaned_Metro_invt_fs_uc_sfrcondo_sm_month.csv
[2026-02-20 00:47:40] [INFO] [build.master]     928 rows × 101 cols
[2026-02-20 00:47:40] [INFO] [build.master]   Loading cleaned_Metro_market_temp_index_uc_sfrcondo_month.csv
[2026-02-20 00:47:40] [INFO] [build.master]     923 rows × 103 cols
[2026-02-20 00:47:40] [INFO] [build.master]   Loading cleaned_Metro_mean_doz_pending_uc_sfrcondo_sm_month.csv
[2026-02-20 00:47:40] [INFO] [build.master]     510 rows × 101 cols
[2026-02-20 00:47:40] [INFO] [build.master]   Loading cleaned_Metro_new_con_sales_count_raw_uc_sfrcondo_month.csv
[2026-02-20 00:47:40] [INFO] [build.master]     309 rows × 102 cols
[2026-02-20 00:47:40] [INFO] [build.master]   Loading cleaned_Metro_new_homeowner_income_needed_downpayment_0.20_uc_sfrcondo_tier_0.33_0.67_sm_sa_month.csv
[2026-02-20 00:47:40] [INFO] [build.master]     390 rows × 175 cols
[2026-02-20 00:47:40] [INFO] [build.master]   Loading cleaned_Metro_sales_count_now_uc_sfrcondo_month.csv
[2026-02-20 00:47:40] [INFO] [build.master]     94 rows × 222 cols
[2026-02-20 00:47:40] [INFO] [build.master]   Loading cleaned_Metro_zhvf_growth_uc_sfrcondo_tier_0.33_0.67_sm_sa_month.csv
[2026-02-20 00:47:40] [INFO] [build.master]     895 rows × 10 cols
[2026-02-20 00:47:40] [INFO] [build.master]   Loading cleaned_Metro_zhvi_uc_sfrcondo_tier_0.33_0.67_sm_sa_month.csv
[2026-02-20 00:47:40] [INFO] [build.master]     859 rows × 319 cols
[2026-02-20 00:47:40] [INFO] [build.master]   Loading cleaned_Metro_zori_uc_sfrcondomfr_sm_month.csv
[2026-02-20 00:47:40] [INFO] [build.master]     353 rows × 139 cols
[2026-02-20 00:47:40] [INFO] [build.master]   Loading cleaned_State_zhvi_uc_sfrcondo_tier_0.33_0.67_sm_sa_month.csv
[2026-02-20 00:47:40] [INFO] [build.master]     51 rows × 319 cols
[2026-02-20 00:47:40] [INFO] [build.master]   Loading florida_hurricane_economic_merged.csv
[2026-02-20 00:47:40] [INFO] [build.master]     22 rows × 11 cols
[2026-02-20 00:47:40] [INFO] [build.master]   Loading florida_hurricane_proximity_summary.csv
[2026-02-20 00:47:40] [INFO] [build.master]     7 rows × 6 cols
[2026-02-20 00:47:40] [INFO] [build.master]   Loading florida_hurricanes_1995_2025_noaa.csv
[2026-02-20 00:47:40] [INFO] [build.master]     27 rows × 12 cols
[2026-02-20 00:47:40] [INFO] [build.master]   Loading florida_Metro_invt_fs_uc_sfrcondo_sm_month.csv
[2026-02-20 00:47:40] [INFO] [build.master]     29 rows × 101 cols
[2026-02-20 00:47:40] [INFO] [build.master]   Loading florida_Metro_market_temp_index_uc_sfrcondo_month.csv
[2026-02-20 00:47:40] [INFO] [build.master]     29 rows × 103 cols
[2026-02-20 00:47:40] [INFO] [build.master]   Loading florida_Metro_mean_doz_pending_uc_sfrcondo_sm_month.csv
[2026-02-20 00:47:40] [INFO] [build.master]     25 rows × 101 cols
[2026-02-20 00:47:40] [INFO] [build.master]   Loading florida_Metro_new_con_sales_count_raw_uc_sfrcondo_month.csv
[2026-02-20 00:47:40] [INFO] [build.master]     26 rows × 102 cols
[2026-02-20 00:47:40] [INFO] [build.master]   Loading florida_Metro_new_homeowner_income_needed_downpayment_0.20_uc_sfrcondo_tier_0.33_0.67_sm_sa_month.csv
[2026-02-20 00:47:40] [INFO] [build.master]     22 rows × 175 cols
[2026-02-20 00:47:40] [INFO] [build.master]   Loading florida_Metro_sales_count_now_uc_sfrcondo_month.csv
[2026-02-20 00:47:40] [INFO] [build.master]     8 rows × 222 cols
[2026-02-20 00:47:40] [INFO] [build.master]   Loading florida_Metro_zhvf_growth_uc_sfrcondo_tier_0.33_0.67_sm_sa_month.csv
[2026-02-20 00:47:40] [INFO] [build.master]     29 rows × 10 cols
[2026-02-20 00:47:40] [INFO] [build.master]   Loading florida_Metro_zhvi_uc_sfrcondo_tier_0.33_0.67_sm_sa_month.csv
[2026-02-20 00:47:40] [INFO] [build.master]     29 rows × 319 cols
[2026-02-20 00:47:40] [INFO] [build.master]   Loading florida_Metro_zori_uc_sfrcondomfr_sm_month.csv
[2026-02-20 00:47:40] [INFO] [build.master]     26 rows × 139 cols
[2026-02-20 00:47:40] [INFO] [build.master]   Loading florida_storms_60nm_2004_2025.csv
[2026-02-20 00:47:40] [INFO] [build.master]     5 rows × 12 cols
[2026-02-20 00:47:40] [INFO] [build.master]   Loading florida_storms_60nm_summary.csv
[2026-02-20 00:47:40] [INFO] [build.master]     1 rows × 7 cols
[2026-02-20 00:47:40] [INFO] [build.master]   Loading florida_zillow_metrics_monthly.csv
[2026-02-20 00:47:40] [INFO] [build.master]     9164 rows × 14 cols
[2026-02-20 00:47:40] [INFO] [build.master]   Loading hurricane_economic_impacts_1980_2024.csv
[2026-02-20 00:47:40] [INFO] [build.master]     69 rows × 9 cols
[2026-02-20 00:47:40] [INFO] [build.master]   Loading hurricane_economic_impacts_1980_2024_florida_landfall.csv
[2026-02-20 00:47:40] [INFO] [build.master]     22 rows × 9 cols
[2026-02-20 00:47:43] [INFO] [build.master] ==================================================
[2026-02-20 00:47:43] [INFO] [build.master] master_dataset.csv written: 14963 rows × 379 cols
[2026-02-20 00:47:43] [INFO] [build.master] Source datasets: cleaned_florida_hurricane_economic_merged.csv, cleaned_hurricane_economic_impacts_1980_2024.csv, cleaned_hurricane_economic_impacts_1980_2024_florida_landfall.csv, cleaned_Metro_invt_fs_uc_sfrcondo_sm_month.csv, cleaned_Metro_market_temp_index_uc_sfrcondo_month.csv, cleaned_Metro_mean_doz_pending_uc_sfrcondo_sm_month.csv, cleaned_Metro_new_con_sales_count_raw_uc_sfrcondo_month.csv, cleaned_Metro_new_homeowner_income_needed_downpayment_0.20_uc_sfrcondo_tier_0.33_0.67_sm_sa_month.csv, cleaned_Metro_sales_count_now_uc_sfrcondo_month.csv, cleaned_Metro_zhvf_growth_uc_sfrcondo_tier_0.33_0.67_sm_sa_month.csv, cleaned_Metro_zhvi_uc_sfrcondo_tier_0.33_0.67_sm_sa_month.csv, cleaned_Metro_zori_uc_sfrcondomfr_sm_month.csv, cleaned_State_zhvi_uc_sfrcondo_tier_0.33_0.67_sm_sa_month.csv, florida_hurricane_economic_merged.csv, florida_hurricane_proximity_summary.csv, florida_hurricanes_1995_2025_noaa.csv, florida_Metro_invt_fs_uc_sfrcondo_sm_month.csv, florida_Metro_market_temp_index_uc_sfrcondo_month.csv, florida_Metro_mean_doz_pending_uc_sfrcondo_sm_month.csv, florida_Metro_new_con_sales_count_raw_uc_sfrcondo_month.csv, florida_Metro_new_homeowner_income_needed_downpayment_0.20_uc_sfrcondo_tier_0.33_0.67_sm_sa_month.csv, florida_Metro_sales_count_now_uc_sfrcondo_month.csv, florida_Metro_zhvf_growth_uc_sfrcondo_tier_0.33_0.67_sm_sa_month.csv, florida_Metro_zhvi_uc_sfrcondo_tier_0.33_0.67_sm_sa_month.csv, florida_Metro_zori_uc_sfrcondomfr_sm_month.csv, florida_storms_60nm_2004_2025.csv, florida_storms_60nm_summary.csv, florida_zillow_metrics_monthly.csv, hurricane_economic_impacts_1980_2024.csv, hurricane_economic_impacts_1980_2024_florida_landfall.csv
[2026-02-20 00:47:43] [INFO] [build.master] Data dictionary written: D:\Users\Logan\Documents\GitHub\qm2023-capstone-1st-row-team\data\final\data_dictionary.csv
[2026-02-20 00:47:43] [INFO] [build.master] BUILD COMPLETE: D:\Users\Logan\Documents\GitHub\qm2023-capstone-1st-row-team\data\final\master_dataset.csv
[2026-02-20 00:47:53] [INFO] [general.data_dictionary] Generating data dictionary...
[2026-02-20 00:47:53] [INFO] [general.data_dictionary] Scanning raw/Metro_invt_fs_uc_sfrcondo_sm_month.csv ...
[2026-02-20 00:47:53] [INFO] [general.data_dictionary] Scanning raw/Metro_market_temp_index_uc_sfrcondo_month.csv ...
[2026-02-20 00:47:53] [INFO] [general.data_dictionary] Scanning raw/Metro_mean_doz_pending_uc_sfrcondo_sm_month.csv ...
[2026-02-20 00:47:53] [INFO] [general.data_dictionary] Scanning raw/Metro_new_con_sales_count_raw_uc_sfrcondo_month.csv ...
[2026-02-20 00:47:53] [INFO] [general.data_dictionary] Scanning raw/Metro_new_homeowner_income_needed_downpayment_0.20_uc_sfrcondo_tier_0.33_0.67_sm_sa_month.csv ...
[2026-02-20 00:47:53] [INFO] [general.data_dictionary] Scanning raw/Metro_sales_count_now_uc_sfrcondo_month.csv ...
[2026-02-20 00:47:53] [INFO] [general.data_dictionary] Scanning raw/Metro_zhvf_growth_uc_sfrcondo_tier_0.33_0.67_sm_sa_month.csv ...
[2026-02-20 00:47:53] [INFO] [general.data_dictionary] Scanning raw/Metro_zhvi_uc_sfrcondo_tier_0.33_0.67_sm_sa_month.csv ...
[2026-02-20 00:47:53] [INFO] [general.data_dictionary] Scanning raw/Metro_zori_uc_sfrcondomfr_sm_month.csv ...
[2026-02-20 00:47:53] [INFO] [general.data_dictionary] Scanning raw/National_zorf_growth_uc_sfr_sm_month.csv ...
[2026-02-20 00:47:53] [INFO] [general.data_dictionary] Scanning raw/State_zhvi_uc_sfrcondo_tier_0.33_0.67_sm_sa_month.csv ...
[2026-02-20 00:47:53] [INFO] [general.data_dictionary] Scanning processed/cleaned_florida_hurricane_economic_merged.csv ...
[2026-02-20 00:47:53] [INFO] [general.data_dictionary] Scanning processed/cleaned_hurricane_economic_impacts_1980_2024.csv ...
[2026-02-20 00:47:53] [INFO] [general.data_dictionary] Scanning processed/cleaned_hurricane_economic_impacts_1980_2024_florida_landfall.csv ...
[2026-02-20 00:47:53] [INFO] [general.data_dictionary] Scanning processed/cleaned_Metro_invt_fs_uc_sfrcondo_sm_month.csv ...
[2026-02-20 00:47:53] [INFO] [general.data_dictionary] Scanning processed/cleaned_Metro_market_temp_index_uc_sfrcondo_month.csv ...
[2026-02-20 00:47:53] [INFO] [general.data_dictionary] Scanning processed/cleaned_Metro_mean_doz_pending_uc_sfrcondo_sm_month.csv ...
[2026-02-20 00:47:53] [INFO] [general.data_dictionary] Scanning processed/cleaned_Metro_new_con_sales_count_raw_uc_sfrcondo_month.csv ...
[2026-02-20 00:47:53] [INFO] [general.data_dictionary] Scanning processed/cleaned_Metro_new_homeowner_income_needed_downpayment_0.20_uc_sfrcondo_tier_0.33_0.67_sm_sa_month.csv ...
[2026-02-20 00:47:53] [INFO] [general.data_dictionary] Scanning processed/cleaned_Metro_sales_count_now_uc_sfrcondo_month.csv ...
[2026-02-20 00:47:53] [INFO] [general.data_dictionary] Scanning processed/cleaned_Metro_zhvf_growth_uc_sfrcondo_tier_0.33_0.67_sm_sa_month.csv ...
[2026-02-20 00:47:53] [INFO] [general.data_dictionary] Scanning processed/cleaned_Metro_zhvi_uc_sfrcondo_tier_0.33_0.67_sm_sa_month.csv ...
[2026-02-20 00:47:54] [INFO] [general.data_dictionary] Scanning processed/cleaned_Metro_zori_uc_sfrcondomfr_sm_month.csv ...
[2026-02-20 00:47:54] [INFO] [general.data_dictionary] Scanning processed/cleaned_State_zhvi_uc_sfrcondo_tier_0.33_0.67_sm_sa_month.csv ...
[2026-02-20 00:47:54] [INFO] [general.data_dictionary] Scanning processed/florida_hurricane_economic_merged.csv ...
[2026-02-20 00:47:54] [INFO] [general.data_dictionary] Scanning processed/florida_hurricane_proximity_summary.csv ...
[2026-02-20 00:47:54] [INFO] [general.data_dictionary] Scanning processed/florida_hurricanes_1995_2025_noaa.csv ...
[2026-02-20 00:47:54] [INFO] [general.data_dictionary] Scanning processed/florida_Metro_invt_fs_uc_sfrcondo_sm_month.csv ...
[2026-02-20 00:47:54] [INFO] [general.data_dictionary] Scanning processed/florida_Metro_market_temp_index_uc_sfrcondo_month.csv ...
[2026-02-20 00:47:54] [INFO] [general.data_dictionary] Scanning processed/florida_Metro_mean_doz_pending_uc_sfrcondo_sm_month.csv ...
[2026-02-20 00:47:54] [INFO] [general.data_dictionary] Scanning processed/florida_Metro_new_con_sales_count_raw_uc_sfrcondo_month.csv ...
[2026-02-20 00:47:54] [INFO] [general.data_dictionary] Scanning processed/florida_Metro_new_homeowner_income_needed_downpayment_0.20_uc_sfrcondo_tier_0.33_0.67_sm_sa_month.csv ...
[2026-02-20 00:47:54] [INFO] [general.data_dictionary] Scanning processed/florida_Metro_sales_count_now_uc_sfrcondo_month.csv ...
[2026-02-20 00:47:54] [INFO] [general.data_dictionary] Scanning processed/florida_Metro_zhvf_growth_uc_sfrcondo_tier_0.33_0.67_sm_sa_month.csv ...
[2026-02-20 00:47:54] [INFO] [general.data_dictionary] Scanning processed/florida_Metro_zhvi_uc_sfrcondo_tier_0.33_0.67_sm_sa_month.csv ...
[2026-02-20 00:47:54] [INFO] [general.data_dictionary] Scanning processed/florida_Metro_zori_uc_sfrcondomfr_sm_month.csv ...
[2026-02-20 00:47:54] [INFO] [general.data_dictionary] Scanning processed/florida_storms_60nm_2004_2025.csv ...
[2026-02-20 00:47:54] [INFO] [general.data_dictionary] Scanning processed/florida_storms_60nm_summary.csv ...
[2026-02-20 00:47:54] [INFO] [general.data_dictionary] Scanning processed/florida_zillow_metrics_monthly.csv ...
[2026-02-20 00:47:54] [INFO] [general.data_dictionary] Scanning processed/hurricane_economic_impacts_1980_2024.csv ...
[2026-02-20 00:47:54] [ERROR] [general.data_dictionary] Error scanning hurricane_economic_impacts_1980_2024.csv: 'NoneType' object has no attribute 'strip'
[2026-02-20 00:47:54] [INFO] [general.data_dictionary] Scanning processed/hurricane_economic_impacts_1980_2024_florida_landfall.csv ...
[2026-02-20 00:47:54] [INFO] [general.data_dictionary] Wrote data dictionary JSON: D:\Users\Logan\Documents\GitHub\qm2023-capstone-1st-row-team\data\final\data_dictionary.json
[2026-02-20 00:47:54] [INFO] [general.data_dictionary] Exported CSV dictionary: D:\Users\Logan\Documents\GitHub\qm2023-capstone-1st-row-team\data\final\data_dictionary.csv (4523 entries)
[2026-02-20 00:47:54] [INFO] [general.data_dictionary] Data dictionary: 40 datasets, 4523 total columns
[2026-02-20 02:19:29] [INFO] [build.master] ============================================================
[2026-02-20 02:19:29] [INFO] [build.master] BUILD MASTER DATASET
[2026-02-20 02:19:29] [INFO] [build.master]   Filter + Merge + Build (automated)
[2026-02-20 02:19:29] [INFO] [build.master] ============================================================
[2026-02-20 02:19:29] [INFO] [build.master] [1/4] Filtering Zillow data to Florida MSAs...
[2026-02-20 02:19:29] [INFO] [build.master]   9 Zillow files ready
[2026-02-20 02:19:29] [INFO] [build.master] [2/4] Running hurricane filters...
[2026-02-20 02:19:29] [INFO] [build.master]   Running filter_florida_storms_60nm.py ...
[2026-02-20 02:19:29] [ERROR] [build.master]   FAILED filter_florida_storms_60nm.py: 
[2026-02-20 02:19:29] [INFO] [build.master]   Running filter_florida_landfall_hurricanes.py ...
[2026-02-20 02:19:31] [INFO] [build.master] [3/4] Running specialized merges...
[2026-02-20 02:19:31] [INFO] [build.master]   Running merge_hurricane_economic.py ...
[2026-02-20 02:19:32] [INFO] [build.master]   Running merge_zillow_metrics.py ...
[2026-02-20 02:19:32] [INFO] [build.master] [4/4] Building master_dataset.csv (included columns only)...
[2026-02-20 02:19:32] [INFO] [build.master]   No included columns — master_dataset.csv will be empty
[2026-02-20 02:19:32] [INFO] [build.master] ==================================================
[2026-02-20 02:19:32] [INFO] [build.master] master_dataset.csv: 0 rows × 0 cols
[2026-02-20 02:19:32] [INFO] [build.master] BUILD COMPLETE: D:\Users\Logan\Documents\GitHub\qm2023-capstone-1st-row-team\data\final\master_dataset.csv
[2026-02-25 20:04:53] [INFO] [build.master] ============================================================
[2026-02-25 20:04:53] [INFO] [build.master] BUILD MASTER DATASET
[2026-02-25 20:04:53] [INFO] [build.master]   Filter + Merge + Build (automated)
[2026-02-25 20:04:53] [INFO] [build.master] ============================================================
[2026-02-25 20:04:53] [INFO] [build.master] [1/4] Filtering Zillow data to Florida MSAs...
[2026-02-25 20:04:53] [INFO] [build.master]   Filtering Metro_invt_fs_uc_sfrcondo_sm_month.csv → florida_Metro_invt_fs_uc_sfrcondo_sm_month.csv
[2026-02-25 20:04:53] [INFO] [build.master]     29 Florida MSA rows
[2026-02-25 20:04:53] [INFO] [build.master]   Filtering Metro_market_temp_index_uc_sfrcondo_month.csv → florida_Metro_market_temp_index_uc_sfrcondo_month.csv
[2026-02-25 20:04:53] [INFO] [build.master]     29 Florida MSA rows
[2026-02-25 20:04:53] [INFO] [build.master]   Filtering Metro_mean_doz_pending_uc_sfrcondo_sm_month.csv → florida_Metro_mean_doz_pending_uc_sfrcondo_sm_month.csv
[2026-02-25 20:04:53] [INFO] [build.master]     25 Florida MSA rows
[2026-02-25 20:04:53] [INFO] [build.master]   Filtering Metro_new_con_sales_count_raw_uc_sfrcondo_month.csv → florida_Metro_new_con_sales_count_raw_uc_sfrcondo_month.csv
[2026-02-25 20:04:53] [INFO] [build.master]     26 Florida MSA rows
[2026-02-25 20:04:53] [INFO] [build.master]   Filtering Metro_new_homeowner_income_needed_downpayment_0.20_uc_sfrcondo_tier_0.33_0.67_sm_sa_month.csv → florida_Metro_new_homeowner_income_needed_downpayment_0.20_uc_sfrcondo_tier_0.33_0.67_sm_sa_month.csv
[2026-02-25 20:04:53] [INFO] [build.master]     22 Florida MSA rows
[2026-02-25 20:04:53] [INFO] [build.master]   Filtering Metro_sales_count_now_uc_sfrcondo_month.csv → florida_Metro_sales_count_now_uc_sfrcondo_month.csv
[2026-02-25 20:04:53] [INFO] [build.master]     8 Florida MSA rows
[2026-02-25 20:04:53] [INFO] [build.master]   Filtering Metro_zhvf_growth_uc_sfrcondo_tier_0.33_0.67_sm_sa_month.csv → florida_Metro_zhvf_growth_uc_sfrcondo_tier_0.33_0.67_sm_sa_month.csv
[2026-02-25 20:04:53] [INFO] [build.master]     29 Florida MSA rows
[2026-02-25 20:04:53] [INFO] [build.master]   Filtering Metro_zhvi_uc_sfrcondo_tier_0.33_0.67_sm_sa_month.csv → florida_Metro_zhvi_uc_sfrcondo_tier_0.33_0.67_sm_sa_month.csv
[2026-02-25 20:04:53] [INFO] [build.master]     29 Florida MSA rows
[2026-02-25 20:04:53] [INFO] [build.master]   Filtering Metro_zori_uc_sfrcondomfr_sm_month.csv → florida_Metro_zori_uc_sfrcondomfr_sm_month.csv
[2026-02-25 20:04:54] [INFO] [build.master]     26 Florida MSA rows
[2026-02-25 20:04:54] [INFO] [build.master]   9 Zillow files ready
[2026-02-25 20:04:54] [INFO] [build.master] [2/4] Running hurricane filters...
[2026-02-25 20:04:54] [INFO] [build.master]   Running filter_florida_storms_60nm.py ...
[2026-02-25 20:04:54] [ERROR] [build.master]   FAILED filter_florida_storms_60nm.py: 
[2026-02-25 20:04:54] [INFO] [build.master]   Running filter_florida_landfall_hurricanes.py ...
[2026-02-25 20:04:55] [INFO] [build.master] [3/4] Running specialized merges...
[2026-02-25 20:04:55] [INFO] [build.master]   Running merge_hurricane_economic.py ...
[2026-02-25 20:04:55] [INFO] [build.master]   Running merge_zillow_metrics.py ...
[2026-02-25 20:04:55] [INFO] [build.master] [4/4] Building master_dataset.csv (included columns only)...
[2026-02-25 20:04:55] [INFO] [build.master]   No included columns — master_dataset.csv will be empty
[2026-02-25 20:04:55] [INFO] [build.master] ==================================================
[2026-02-25 20:04:55] [INFO] [build.master] master_dataset.csv: 0 rows × 0 cols
[2026-02-25 20:04:55] [INFO] [build.master] BUILD COMPLETE: /workspaces/qm2023-capstone-1st-row-team/data/final/master_dataset.csv
