[2026-02-19 18:32:45] [INFO] [merge.all] ============================================================
[2026-02-19 18:32:45] [INFO] [merge.all] MERGE ALL DATA
[2026-02-19 18:32:45] [INFO] [merge.all] ============================================================
[2026-02-19 18:32:45] [INFO] [merge.all] Running merge_zillow_metrics.py ...
[2026-02-19 18:32:45] [ERROR] [merge.all]   FAILED: merge_zillow_metrics.py
Traceback (most recent call last):
  File "D:\Users\Logan\Documents\GitHub\qm2023-capstone-1st-row-team\code\merge\merge_zillow_metrics.py", line 18, in <module>
    from config_paths import RAW_DATA_DIR, PROCESSED_DATA_DIR
  File "D:\Users\Logan\Documents\GitHub\qm2023-capstone-1st-row-team\code\config_paths.py", line 104, in <module>
    ensure_directories()
    ~~~~~~~~~~~~~~~~~~^^
  File "D:\Users\Logan\Documents\GitHub\qm2023-capstone-1st-row-team\code\config_paths.py", line 101, in ensure_directories
    print(f"\u2713 Project structure verified at: {PROJECT_ROOT}")
    ~~~~~^^^^^^^^^^^^^^^^^^^^^^^^^^^^^^^^^^^^^^^^^^^^^^^^^^^^^^^^^
  File "C:\Program Files\WindowsApps\PythonSoftwareFoundation.Python.3.13_3.13.3312.0_x64__qbz5n2kfra8p0\Lib\encodings\cp1252.py", line 19, in encode
    return codecs.charmap_encode(input,self.errors,encoding_table)[0]
           ~~~~~~~~~~~~~~~~~~~~~^^^^^^^^^^^^^^^^^^^^^^^^^^^^^^^^^^
UnicodeEncodeError: 'charmap' codec can't encode character '\u2713' in position 0: character maps to <undefined>

[2026-02-19 18:32:45] [INFO] [merge.all] Running merge_hurricane_economic.py ...
[2026-02-19 18:32:45] [ERROR] [merge.all]   FAILED: merge_hurricane_economic.py
Traceback (most recent call last):
  File "D:\Users\Logan\Documents\GitHub\qm2023-capstone-1st-row-team\code\merge\merge_hurricane_economic.py", line 18, in <module>
    from config_paths import PROCESSED_DATA_DIR
  File "D:\Users\Logan\Documents\GitHub\qm2023-capstone-1st-row-team\code\config_paths.py", line 104, in <module>
    ensure_directories()
    ~~~~~~~~~~~~~~~~~~^^
  File "D:\Users\Logan\Documents\GitHub\qm2023-capstone-1st-row-team\code\config_paths.py", line 101, in ensure_directories
    print(f"\u2713 Project structure verified at: {PROJECT_ROOT}")
    ~~~~~^^^^^^^^^^^^^^^^^^^^^^^^^^^^^^^^^^^^^^^^^^^^^^^^^^^^^^^^^
  File "C:\Program Files\WindowsApps\PythonSoftwareFoundation.Python.3.13_3.13.3312.0_x64__qbz5n2kfra8p0\Lib\encodings\cp1252.py", line 19, in encode
    return codecs.charmap_encode(input,self.errors,encoding_table)[0]
           ~~~~~~~~~~~~~~~~~~~~~^^^^^^^^^^^^^^^^^^^^^^^^^^^^^^^^^^
UnicodeEncodeError: 'charmap' codec can't encode character '\u2713' in position 0: character maps to <undefined>

[2026-02-19 18:32:45] [INFO] [merge.all] Running merge_hurricane_zillow.py ...
[2026-02-19 18:32:45] [ERROR] [merge.all]   FAILED: merge_hurricane_zillow.py
Traceback (most recent call last):
  File "D:\Users\Logan\Documents\GitHub\qm2023-capstone-1st-row-team\code\merge\merge_hurricane_zillow.py", line 21, in <module>
    from config_paths import PROCESSED_DATA_DIR, FINAL_DATA_DIR
  File "D:\Users\Logan\Documents\GitHub\qm2023-capstone-1st-row-team\code\config_paths.py", line 104, in <module>
    ensure_directories()
    ~~~~~~~~~~~~~~~~~~^^
  File "D:\Users\Logan\Documents\GitHub\qm2023-capstone-1st-row-team\code\config_paths.py", line 101, in ensure_directories
    print(f"\u2713 Project structure verified at: {PROJECT_ROOT}")
    ~~~~~^^^^^^^^^^^^^^^^^^^^^^^^^^^^^^^^^^^^^^^^^^^^^^^^^^^^^^^^^
  File "C:\Program Files\WindowsApps\PythonSoftwareFoundation.Python.3.13_3.13.3312.0_x64__qbz5n2kfra8p0\Lib\encodings\cp1252.py", line 19, in encode
    return codecs.charmap_encode(input,self.errors,encoding_table)[0]
           ~~~~~~~~~~~~~~~~~~~~~^^^^^^^^^^^^^^^^^^^^^^^^^^^^^^^^^^
UnicodeEncodeError: 'charmap' codec can't encode character '\u2713' in position 0: character maps to <undefined>

[2026-02-19 18:32:45] [INFO] [merge.all] Merge complete: 0 succeeded, 3 failed
[2026-02-19 23:10:39] [INFO] [merge.all] ============================================================
[2026-02-19 23:10:39] [INFO] [merge.all] MERGE ALL DATA
[2026-02-19 23:10:39] [INFO] [merge.all] ============================================================
[2026-02-19 23:10:39] [INFO] [merge.all] Running merge_zillow_metrics.py ...
[2026-02-19 23:10:39] [ERROR] [merge.all]   FAILED: merge_zillow_metrics.py
Traceback (most recent call last):
  File "D:\Users\Logan\Documents\GitHub\qm2023-capstone-1st-row-team\code\merge\merge_zillow_metrics.py", line 18, in <module>
    from config_paths import RAW_DATA_DIR, PROCESSED_DATA_DIR
  File "D:\Users\Logan\Documents\GitHub\qm2023-capstone-1st-row-team\code\config_paths.py", line 106, in <module>
    ensure_directories()
    ~~~~~~~~~~~~~~~~~~^^
  File "D:\Users\Logan\Documents\GitHub\qm2023-capstone-1st-row-team\code\config_paths.py", line 103, in ensure_directories
    print(f"\u2713 Project structure verified at: {PROJECT_ROOT}")
    ~~~~~^^^^^^^^^^^^^^^^^^^^^^^^^^^^^^^^^^^^^^^^^^^^^^^^^^^^^^^^^
  File "C:\Program Files\WindowsApps\PythonSoftwareFoundation.Python.3.13_3.13.3312.0_x64__qbz5n2kfra8p0\Lib\encodings\cp1252.py", line 19, in encode
    return codecs.charmap_encode(input,self.errors,encoding_table)[0]
           ~~~~~~~~~~~~~~~~~~~~~^^^^^^^^^^^^^^^^^^^^^^^^^^^^^^^^^^
UnicodeEncodeError: 'charmap' codec can't encode character '\u2713' in position 0: character maps to <undefined>

[2026-02-19 23:10:39] [INFO] [merge.all] Running merge_hurricane_economic.py ...
[2026-02-19 23:10:39] [ERROR] [merge.all]   FAILED: merge_hurricane_economic.py
Traceback (most recent call last):
  File "D:\Users\Logan\Documents\GitHub\qm2023-capstone-1st-row-team\code\merge\merge_hurricane_economic.py", line 18, in <module>
    from config_paths import PROCESSED_DATA_DIR
  File "D:\Users\Logan\Documents\GitHub\qm2023-capstone-1st-row-team\code\config_paths.py", line 106, in <module>
    ensure_directories()
    ~~~~~~~~~~~~~~~~~~^^
  File "D:\Users\Logan\Documents\GitHub\qm2023-capstone-1st-row-team\code\config_paths.py", line 103, in ensure_directories
    print(f"\u2713 Project structure verified at: {PROJECT_ROOT}")
    ~~~~~^^^^^^^^^^^^^^^^^^^^^^^^^^^^^^^^^^^^^^^^^^^^^^^^^^^^^^^^^
  File "C:\Program Files\WindowsApps\PythonSoftwareFoundation.Python.3.13_3.13.3312.0_x64__qbz5n2kfra8p0\Lib\encodings\cp1252.py", line 19, in encode
    return codecs.charmap_encode(input,self.errors,encoding_table)[0]
           ~~~~~~~~~~~~~~~~~~~~~^^^^^^^^^^^^^^^^^^^^^^^^^^^^^^^^^^
UnicodeEncodeError: 'charmap' codec can't encode character '\u2713' in position 0: character maps to <undefined>

[2026-02-19 23:10:39] [INFO] [merge.all] Running merge_hurricane_zillow.py ...
[2026-02-19 23:10:39] [ERROR] [merge.all]   FAILED: merge_hurricane_zillow.py
Traceback (most recent call last):
  File "D:\Users\Logan\Documents\GitHub\qm2023-capstone-1st-row-team\code\merge\merge_hurricane_zillow.py", line 21, in <module>
    from config_paths import PROCESSED_DATA_DIR, FINAL_DATA_DIR
  File "D:\Users\Logan\Documents\GitHub\qm2023-capstone-1st-row-team\code\config_paths.py", line 106, in <module>
    ensure_directories()
    ~~~~~~~~~~~~~~~~~~^^
  File "D:\Users\Logan\Documents\GitHub\qm2023-capstone-1st-row-team\code\config_paths.py", line 103, in ensure_directories
    print(f"\u2713 Project structure verified at: {PROJECT_ROOT}")
    ~~~~~^^^^^^^^^^^^^^^^^^^^^^^^^^^^^^^^^^^^^^^^^^^^^^^^^^^^^^^^^
  File "C:\Program Files\WindowsApps\PythonSoftwareFoundation.Python.3.13_3.13.3312.0_x64__qbz5n2kfra8p0\Lib\encodings\cp1252.py", line 19, in encode
    return codecs.charmap_encode(input,self.errors,encoding_table)[0]
           ~~~~~~~~~~~~~~~~~~~~~^^^^^^^^^^^^^^^^^^^^^^^^^^^^^^^^^^
UnicodeEncodeError: 'charmap' codec can't encode character '\u2713' in position 0: character maps to <undefined>

[2026-02-19 23:10:39] [INFO] [merge.all] Merge complete: 0 succeeded, 3 failed
[2026-02-19 23:11:29] [INFO] [merge.all] ============================================================
[2026-02-19 23:11:29] [INFO] [merge.all] MERGE ALL DATA
[2026-02-19 23:11:29] [INFO] [merge.all] ============================================================
[2026-02-19 23:11:29] [INFO] [merge.all] Running merge_zillow_metrics.py ...
[2026-02-19 23:11:29] [ERROR] [merge.all]   FAILED: merge_zillow_metrics.py
Traceback (most recent call last):
  File "D:\Users\Logan\Documents\GitHub\qm2023-capstone-1st-row-team\code\merge\merge_zillow_metrics.py", line 18, in <module>
    from config_paths import RAW_DATA_DIR, PROCESSED_DATA_DIR
  File "D:\Users\Logan\Documents\GitHub\qm2023-capstone-1st-row-team\code\config_paths.py", line 106, in <module>
    ensure_directories()
    ~~~~~~~~~~~~~~~~~~^^
  File "D:\Users\Logan\Documents\GitHub\qm2023-capstone-1st-row-team\code\config_paths.py", line 103, in ensure_directories
    print(f"\u2713 Project structure verified at: {PROJECT_ROOT}")
    ~~~~~^^^^^^^^^^^^^^^^^^^^^^^^^^^^^^^^^^^^^^^^^^^^^^^^^^^^^^^^^
  File "C:\Program Files\WindowsApps\PythonSoftwareFoundation.Python.3.13_3.13.3312.0_x64__qbz5n2kfra8p0\Lib\encodings\cp1252.py", line 19, in encode
    return codecs.charmap_encode(input,self.errors,encoding_table)[0]
           ~~~~~~~~~~~~~~~~~~~~~^^^^^^^^^^^^^^^^^^^^^^^^^^^^^^^^^^
UnicodeEncodeError: 'charmap' codec can't encode character '\u2713' in position 0: character maps to <undefined>

[2026-02-19 23:11:29] [INFO] [merge.all] Running merge_hurricane_economic.py ...
[2026-02-19 23:11:29] [ERROR] [merge.all]   FAILED: merge_hurricane_economic.py
Traceback (most recent call last):
  File "D:\Users\Logan\Documents\GitHub\qm2023-capstone-1st-row-team\code\merge\merge_hurricane_economic.py", line 18, in <module>
    from config_paths import PROCESSED_DATA_DIR
  File "D:\Users\Logan\Documents\GitHub\qm2023-capstone-1st-row-team\code\config_paths.py", line 106, in <module>
    ensure_directories()
    ~~~~~~~~~~~~~~~~~~^^
  File "D:\Users\Logan\Documents\GitHub\qm2023-capstone-1st-row-team\code\config_paths.py", line 103, in ensure_directories
    print(f"\u2713 Project structure verified at: {PROJECT_ROOT}")
    ~~~~~^^^^^^^^^^^^^^^^^^^^^^^^^^^^^^^^^^^^^^^^^^^^^^^^^^^^^^^^^
  File "C:\Program Files\WindowsApps\PythonSoftwareFoundation.Python.3.13_3.13.3312.0_x64__qbz5n2kfra8p0\Lib\encodings\cp1252.py", line 19, in encode
    return codecs.charmap_encode(input,self.errors,encoding_table)[0]
           ~~~~~~~~~~~~~~~~~~~~~^^^^^^^^^^^^^^^^^^^^^^^^^^^^^^^^^^
UnicodeEncodeError: 'charmap' codec can't encode character '\u2713' in position 0: character maps to <undefined>

[2026-02-19 23:11:29] [INFO] [merge.all] Running merge_hurricane_zillow.py ...
[2026-02-19 23:11:29] [ERROR] [merge.all]   FAILED: merge_hurricane_zillow.py
Traceback (most recent call last):
  File "D:\Users\Logan\Documents\GitHub\qm2023-capstone-1st-row-team\code\merge\merge_hurricane_zillow.py", line 21, in <module>
    from config_paths import PROCESSED_DATA_DIR, FINAL_DATA_DIR
  File "D:\Users\Logan\Documents\GitHub\qm2023-capstone-1st-row-team\code\config_paths.py", line 106, in <module>
    ensure_directories()
    ~~~~~~~~~~~~~~~~~~^^
  File "D:\Users\Logan\Documents\GitHub\qm2023-capstone-1st-row-team\code\config_paths.py", line 103, in ensure_directories
    print(f"\u2713 Project structure verified at: {PROJECT_ROOT}")
    ~~~~~^^^^^^^^^^^^^^^^^^^^^^^^^^^^^^^^^^^^^^^^^^^^^^^^^^^^^^^^^
  File "C:\Program Files\WindowsApps\PythonSoftwareFoundation.Python.3.13_3.13.3312.0_x64__qbz5n2kfra8p0\Lib\encodings\cp1252.py", line 19, in encode
    return codecs.charmap_encode(input,self.errors,encoding_table)[0]
           ~~~~~~~~~~~~~~~~~~~~~^^^^^^^^^^^^^^^^^^^^^^^^^^^^^^^^^^
UnicodeEncodeError: 'charmap' codec can't encode character '\u2713' in position 0: character maps to <undefined>

[2026-02-19 23:11:29] [INFO] [merge.all] Merge complete: 0 succeeded, 3 failed
[2026-02-19 23:17:59] [INFO] [merge.all] ============================================================
[2026-02-19 23:17:59] [INFO] [merge.all] MERGE ALL DATA  -->  data/final/master_dataset.csv
[2026-02-19 23:17:59] [INFO] [merge.all] ============================================================
[2026-02-19 23:17:59] [INFO] [merge.all]   Loading florida_storms_60nm_summary  (florida_storms_60nm_summary.csv)
[2026-02-19 23:17:59] [INFO] [merge.all]     -> 1 rows, 7 columns
[2026-02-19 23:17:59] [INFO] [merge.all]   Loading hurricane_economic_impacts_florida  (hurricane_economic_impacts_1980_2024_florida_landfall.csv)
[2026-02-19 23:17:59] [INFO] [merge.all]     -> 22 rows, 7 columns
[2026-02-19 23:17:59] [INFO] [merge.all]   Loading florida_hurricanes_noaa  (florida_hurricanes_1995_2025_noaa.csv)
[2026-02-19 23:17:59] [INFO] [merge.all]     -> 27 rows, 7 columns
[2026-02-19 23:17:59] [INFO] [merge.all]   SKIP (disabled): florida_storms_60nm_detail
[2026-02-19 23:17:59] [INFO] [merge.all]   SKIP (disabled): hurricane_economic_impacts_all
[2026-02-19 23:17:59] [INFO] [merge.all]   SKIP (disabled): florida_hurricane_proximity
[2026-02-19 23:17:59] [INFO] [merge.all] ------------------------------------------------------------
[2026-02-19 23:17:59] [INFO] [merge.all] master_dataset written to D:\Users\Logan\Documents\GitHub\qm2023-capstone-1st-row-team\data\final\master_dataset.csv
[2026-02-19 23:17:59] [INFO] [merge.all]   Datasets merged: florida_storms_60nm_summary, hurricane_economic_impacts_florida, florida_hurricanes_noaa
[2026-02-19 23:17:59] [INFO] [merge.all]   Total rows: 50   Total columns: 19
[2026-02-19 23:17:59] [INFO] [merge.all] ============================================================
[2026-02-19 23:22:14] [INFO] [merge.all] ============================================================
[2026-02-19 23:22:14] [INFO] [merge.all] MERGE ALL DATA  -->  data/final/master_dataset.csv
[2026-02-19 23:22:14] [INFO] [merge.all] ============================================================
[2026-02-19 23:22:14] [INFO] [merge.all]   Loading florida_storms_60nm_summary  (florida_storms_60nm_summary.csv)
[2026-02-19 23:22:14] [INFO] [merge.all]     -> 1 rows, 7 columns
[2026-02-19 23:22:14] [INFO] [merge.all]   Loading hurricane_economic_impacts_florida  (hurricane_economic_impacts_1980_2024_florida_landfall.csv)
[2026-02-19 23:22:14] [INFO] [merge.all]     -> 22 rows, 7 columns
[2026-02-19 23:22:14] [INFO] [merge.all]   Loading florida_hurricanes_noaa  (florida_hurricanes_1995_2025_noaa.csv)
[2026-02-19 23:22:14] [INFO] [merge.all]     -> 27 rows, 7 columns
[2026-02-19 23:22:14] [INFO] [merge.all]   SKIP (disabled): florida_storms_60nm_detail
[2026-02-19 23:22:14] [INFO] [merge.all]   SKIP (disabled): hurricane_economic_impacts_all
[2026-02-19 23:22:14] [INFO] [merge.all]   SKIP (disabled): florida_hurricane_proximity
[2026-02-19 23:22:14] [INFO] [merge.all] ------------------------------------------------------------
[2026-02-19 23:22:14] [INFO] [merge.all] master_dataset written to D:\Users\Logan\Documents\GitHub\qm2023-capstone-1st-row-team\data\final\master_dataset.csv
[2026-02-19 23:22:14] [INFO] [merge.all]   Datasets merged: florida_storms_60nm_summary, hurricane_economic_impacts_florida, florida_hurricanes_noaa
[2026-02-19 23:22:14] [INFO] [merge.all]   Total rows: 50   Total columns: 19
[2026-02-19 23:22:14] [INFO] [merge.all] ============================================================
[2026-02-19 23:24:57] [INFO] [merge.all] ============================================================
[2026-02-19 23:24:57] [INFO] [merge.all] MERGE ALL DATA  -->  data/final/master_dataset.csv
[2026-02-19 23:24:57] [INFO] [merge.all] ============================================================
[2026-02-19 23:24:57] [INFO] [merge.all]   Loading florida_storms_60nm_summary  (florida_storms_60nm_summary.csv)
[2026-02-19 23:24:58] [INFO] [merge.all]     -> 1 rows, 7 columns
[2026-02-19 23:24:58] [INFO] [merge.all]   Loading hurricane_economic_impacts_florida  (hurricane_economic_impacts_1980_2024_florida_landfall.csv)
[2026-02-19 23:24:58] [INFO] [merge.all]     -> 22 rows, 7 columns
[2026-02-19 23:24:58] [INFO] [merge.all]   Loading florida_hurricanes_noaa  (florida_hurricanes_1995_2025_noaa.csv)
[2026-02-19 23:24:58] [INFO] [merge.all]     -> 27 rows, 7 columns
[2026-02-19 23:24:58] [INFO] [merge.all]   SKIP (disabled): florida_storms_60nm_detail
[2026-02-19 23:24:58] [INFO] [merge.all]   SKIP (disabled): hurricane_economic_impacts_all
[2026-02-19 23:24:58] [INFO] [merge.all]   SKIP (disabled): florida_hurricane_proximity
[2026-02-19 23:24:58] [INFO] [merge.all] ------------------------------------------------------------
[2026-02-19 23:24:58] [INFO] [merge.all] master_dataset written to D:\Users\Logan\Documents\GitHub\qm2023-capstone-1st-row-team\data\final\master_dataset.csv
[2026-02-19 23:24:58] [INFO] [merge.all]   Datasets merged: florida_storms_60nm_summary, hurricane_economic_impacts_florida, florida_hurricanes_noaa
[2026-02-19 23:24:58] [INFO] [merge.all]   Total rows: 50   Total columns: 19
[2026-02-19 23:24:58] [INFO] [merge.all] ============================================================
[2026-02-19 23:36:28] [INFO] [merge.all] ============================================================
[2026-02-19 23:36:28] [INFO] [merge.all] MERGE ALL DATA  -->  data/final/master_dataset.csv
[2026-02-19 23:36:28] [INFO] [merge.all] ============================================================
[2026-02-19 23:36:28] [INFO] [merge.all]   Loading florida_storms_60nm_summary  (florida_storms_60nm_summary.csv)
[2026-02-19 23:36:28] [INFO] [merge.all]     -> 1 rows, 7 columns
[2026-02-19 23:36:28] [INFO] [merge.all]   Loading hurricane_economic_impacts_florida  (hurricane_economic_impacts_1980_2024_florida_landfall.csv)
[2026-02-19 23:36:28] [INFO] [merge.all]     -> 22 rows, 7 columns
[2026-02-19 23:36:28] [INFO] [merge.all]   Loading florida_hurricanes_noaa  (florida_hurricanes_1995_2025_noaa.csv)
[2026-02-19 23:36:28] [INFO] [merge.all]     -> 27 rows, 7 columns
[2026-02-19 23:36:28] [INFO] [merge.all]   SKIP (disabled): florida_storms_60nm_detail
[2026-02-19 23:36:28] [INFO] [merge.all]   SKIP (disabled): hurricane_economic_impacts_all
[2026-02-19 23:36:28] [INFO] [merge.all]   SKIP (disabled): florida_hurricane_proximity
[2026-02-19 23:36:28] [INFO] [merge.all] ------------------------------------------------------------
[2026-02-19 23:36:28] [INFO] [merge.all] master_dataset written to D:\Users\Logan\Documents\GitHub\qm2023-capstone-1st-row-team\data\final\master_dataset.csv
[2026-02-19 23:36:28] [INFO] [merge.all]   Datasets merged: florida_storms_60nm_summary, hurricane_economic_impacts_florida, florida_hurricanes_noaa
[2026-02-19 23:36:28] [INFO] [merge.all]   Total rows: 50   Total columns: 19
[2026-02-19 23:36:28] [INFO] [merge.all] ============================================================
[2026-02-20 00:16:50] [INFO] [merge.all] ============================================================
[2026-02-20 00:16:50] [INFO] [merge.all] MERGE ALL DATA  -->  data/final/master_dataset.csv
[2026-02-20 00:16:50] [INFO] [merge.all] ============================================================
[2026-02-20 00:16:50] [INFO] [merge.all]   Loading florida_storms_60nm_summary  (florida_storms_60nm_summary.csv)
[2026-02-20 00:16:50] [INFO] [merge.all]     -> 1 rows, 7 columns
[2026-02-20 00:16:50] [INFO] [merge.all]   Loading hurricane_economic_impacts_florida  (hurricane_economic_impacts_1980_2024_florida_landfall.csv)
[2026-02-20 00:16:50] [INFO] [merge.all]     -> 22 rows, 7 columns
[2026-02-20 00:16:50] [INFO] [merge.all]   Loading florida_hurricanes_noaa  (florida_hurricanes_1995_2025_noaa.csv)
[2026-02-20 00:16:50] [INFO] [merge.all]     -> 27 rows, 7 columns
[2026-02-20 00:16:50] [INFO] [merge.all]   SKIP (disabled): florida_storms_60nm_detail
[2026-02-20 00:16:50] [INFO] [merge.all]   SKIP (disabled): hurricane_economic_impacts_all
[2026-02-20 00:16:50] [INFO] [merge.all]   SKIP (disabled): florida_hurricane_proximity
[2026-02-20 00:16:50] [INFO] [merge.all] ------------------------------------------------------------
[2026-02-20 00:16:50] [INFO] [merge.all] master_dataset written to D:\Users\Logan\Documents\GitHub\qm2023-capstone-1st-row-team\data\final\master_dataset.csv
[2026-02-20 00:16:50] [INFO] [merge.all]   Datasets merged: florida_storms_60nm_summary, hurricane_economic_impacts_florida, florida_hurricanes_noaa
[2026-02-20 00:16:50] [INFO] [merge.all]   Total rows: 50   Total columns: 19
[2026-02-20 00:16:50] [INFO] [merge.all] ============================================================
[2026-02-20 00:31:37] [INFO] [merge.hurricane_economic] Merging hurricane track + economic data...
[2026-02-20 00:31:37] [INFO] [merge.hurricane_economic]   Track records: 1
[2026-02-20 00:31:37] [INFO] [merge.hurricane_economic]   Economic records: 22
[2026-02-20 00:31:37] [INFO] [merge.hurricane_economic] Wrote 22 merged rows to D:\Users\Logan\Documents\GitHub\qm2023-capstone-1st-row-team\data\processed\florida_hurricane_economic_merged.csv
[2026-02-20 00:31:37] [INFO] [merge.zillow_metrics] Merging Zillow metrics for Florida MSAs...
[2026-02-20 00:31:37] [INFO] [merge.zillow_metrics]   Reading Metro_zhvi_uc_sfrcondo_tier_0.33_0.67_sm_sa_month.csv as 'ZHVI'...
[2026-02-20 00:31:37] [INFO] [merge.zillow_metrics]     -> 29 metros
[2026-02-20 00:31:37] [INFO] [merge.zillow_metrics]   Reading State_zhvi_uc_sfrcondo_tier_0.33_0.67_sm_sa_month.csv as 'ZHVI_State'...
[2026-02-20 00:31:37] [INFO] [merge.zillow_metrics]     -> 0 metros
[2026-02-20 00:31:37] [INFO] [merge.zillow_metrics]   Reading Metro_zhvf_growth_uc_sfrcondo_tier_0.33_0.67_sm_sa_month.csv as 'ZHVF_Growth'...
[2026-02-20 00:31:37] [INFO] [merge.zillow_metrics]     -> 29 metros
[2026-02-20 00:31:37] [INFO] [merge.zillow_metrics]   Reading Metro_zori_uc_sfrcondomfr_sm_month.csv as 'ZORI'...
[2026-02-20 00:31:37] [INFO] [merge.zillow_metrics]     -> 26 metros
[2026-02-20 00:31:37] [INFO] [merge.zillow_metrics]   Reading National_zorf_growth_uc_sfr_sm_month.csv as 'ZORF_Growth'...
[2026-02-20 00:31:37] [INFO] [merge.zillow_metrics]     -> 0 metros
[2026-02-20 00:31:37] [INFO] [merge.zillow_metrics]   Reading Metro_invt_fs_uc_sfrcondo_sm_month.csv as 'Inventory'...
[2026-02-20 00:31:37] [INFO] [merge.zillow_metrics]     -> 29 metros
[2026-02-20 00:31:37] [INFO] [merge.zillow_metrics]   Reading Metro_sales_count_now_uc_sfrcondo_month.csv as 'Sales_Count'...
[2026-02-20 00:31:37] [INFO] [merge.zillow_metrics]     -> 8 metros
[2026-02-20 00:31:37] [INFO] [merge.zillow_metrics]   Reading Metro_mean_doz_pending_uc_sfrcondo_sm_month.csv as 'Days_on_Market'...
[2026-02-20 00:31:37] [INFO] [merge.zillow_metrics]     -> 25 metros
[2026-02-20 00:31:37] [INFO] [merge.zillow_metrics]   Reading Metro_market_temp_index_uc_sfrcondo_month.csv as 'Market_Temp'...
[2026-02-20 00:31:37] [INFO] [merge.zillow_metrics]     -> 29 metros
[2026-02-20 00:31:37] [INFO] [merge.zillow_metrics]   Reading Metro_new_con_sales_count_raw_uc_sfrcondo_month.csv as 'New_Construction'...
[2026-02-20 00:31:37] [INFO] [merge.zillow_metrics]     -> 26 metros
[2026-02-20 00:31:37] [INFO] [merge.zillow_metrics]   Reading Metro_new_homeowner_income_needed_downpayment_0.20_uc_sfrcondo_tier_0.33_0.67_sm_sa_month.csv as 'Income_Needed'...
[2026-02-20 00:31:37] [INFO] [merge.zillow_metrics]     -> 22 metros
[2026-02-20 00:31:38] [INFO] [merge.zillow_metrics] Wrote florida_zillow_metrics_monthly.csv: 29 metros, 11 metrics, 9164 rows
[2026-02-20 00:47:39] [INFO] [merge.hurricane_economic] Merging hurricane track + economic data...
[2026-02-20 00:47:39] [INFO] [merge.hurricane_economic]   Track records: 1
[2026-02-20 00:47:39] [INFO] [merge.hurricane_economic]   Economic records: 22
[2026-02-20 00:47:39] [INFO] [merge.hurricane_economic] Wrote 22 merged rows to D:\Users\Logan\Documents\GitHub\qm2023-capstone-1st-row-team\data\processed\florida_hurricane_economic_merged.csv
[2026-02-20 00:47:40] [INFO] [merge.zillow_metrics] Merging Zillow metrics for Florida MSAs...
[2026-02-20 00:47:40] [INFO] [merge.zillow_metrics]   Reading Metro_zhvi_uc_sfrcondo_tier_0.33_0.67_sm_sa_month.csv as 'ZHVI'...
[2026-02-20 00:47:40] [INFO] [merge.zillow_metrics]     -> 29 metros
[2026-02-20 00:47:40] [INFO] [merge.zillow_metrics]   Reading State_zhvi_uc_sfrcondo_tier_0.33_0.67_sm_sa_month.csv as 'ZHVI_State'...
[2026-02-20 00:47:40] [INFO] [merge.zillow_metrics]     -> 0 metros
[2026-02-20 00:47:40] [INFO] [merge.zillow_metrics]   Reading Metro_zhvf_growth_uc_sfrcondo_tier_0.33_0.67_sm_sa_month.csv as 'ZHVF_Growth'...
[2026-02-20 00:47:40] [INFO] [merge.zillow_metrics]     -> 29 metros
[2026-02-20 00:47:40] [INFO] [merge.zillow_metrics]   Reading Metro_zori_uc_sfrcondomfr_sm_month.csv as 'ZORI'...
[2026-02-20 00:47:40] [INFO] [merge.zillow_metrics]     -> 26 metros
[2026-02-20 00:47:40] [INFO] [merge.zillow_metrics]   Reading National_zorf_growth_uc_sfr_sm_month.csv as 'ZORF_Growth'...
[2026-02-20 00:47:40] [INFO] [merge.zillow_metrics]     -> 0 metros
[2026-02-20 00:47:40] [INFO] [merge.zillow_metrics]   Reading Metro_invt_fs_uc_sfrcondo_sm_month.csv as 'Inventory'...
[2026-02-20 00:47:40] [INFO] [merge.zillow_metrics]     -> 29 metros
[2026-02-20 00:47:40] [INFO] [merge.zillow_metrics]   Reading Metro_sales_count_now_uc_sfrcondo_month.csv as 'Sales_Count'...
[2026-02-20 00:47:40] [INFO] [merge.zillow_metrics]     -> 8 metros
[2026-02-20 00:47:40] [INFO] [merge.zillow_metrics]   Reading Metro_mean_doz_pending_uc_sfrcondo_sm_month.csv as 'Days_on_Market'...
[2026-02-20 00:47:40] [INFO] [merge.zillow_metrics]     -> 25 metros
[2026-02-20 00:47:40] [INFO] [merge.zillow_metrics]   Reading Metro_market_temp_index_uc_sfrcondo_month.csv as 'Market_Temp'...
[2026-02-20 00:47:40] [INFO] [merge.zillow_metrics]     -> 29 metros
[2026-02-20 00:47:40] [INFO] [merge.zillow_metrics]   Reading Metro_new_con_sales_count_raw_uc_sfrcondo_month.csv as 'New_Construction'...
[2026-02-20 00:47:40] [INFO] [merge.zillow_metrics]     -> 26 metros
[2026-02-20 00:47:40] [INFO] [merge.zillow_metrics]   Reading Metro_new_homeowner_income_needed_downpayment_0.20_uc_sfrcondo_tier_0.33_0.67_sm_sa_month.csv as 'Income_Needed'...
[2026-02-20 00:47:40] [INFO] [merge.zillow_metrics]     -> 22 metros
[2026-02-20 00:47:40] [INFO] [merge.zillow_metrics] Wrote florida_zillow_metrics_monthly.csv: 29 metros, 11 metrics, 9164 rows
[2026-02-20 02:19:32] [INFO] [merge.hurricane_economic] Merging hurricane track + economic data...
[2026-02-20 02:19:32] [INFO] [merge.hurricane_economic]   Track records: 1
[2026-02-20 02:19:32] [INFO] [merge.hurricane_economic]   Economic records: 22
[2026-02-20 02:19:32] [INFO] [merge.hurricane_economic] Wrote 22 merged rows to D:\Users\Logan\Documents\GitHub\qm2023-capstone-1st-row-team\data\processed\florida_hurricane_economic_merged.csv
[2026-02-20 02:19:32] [INFO] [merge.zillow_metrics] Merging Zillow metrics for Florida MSAs...
[2026-02-20 02:19:32] [INFO] [merge.zillow_metrics]   Reading Metro_zhvi_uc_sfrcondo_tier_0.33_0.67_sm_sa_month.csv as 'ZHVI'...
[2026-02-20 02:19:32] [INFO] [merge.zillow_metrics]     -> 29 metros
[2026-02-20 02:19:32] [INFO] [merge.zillow_metrics]   Reading State_zhvi_uc_sfrcondo_tier_0.33_0.67_sm_sa_month.csv as 'ZHVI_State'...
[2026-02-20 02:19:32] [INFO] [merge.zillow_metrics]     -> 0 metros
[2026-02-20 02:19:32] [INFO] [merge.zillow_metrics]   Reading Metro_zhvf_growth_uc_sfrcondo_tier_0.33_0.67_sm_sa_month.csv as 'ZHVF_Growth'...
[2026-02-20 02:19:32] [INFO] [merge.zillow_metrics]     -> 29 metros
[2026-02-20 02:19:32] [INFO] [merge.zillow_metrics]   Reading Metro_zori_uc_sfrcondomfr_sm_month.csv as 'ZORI'...
[2026-02-20 02:19:32] [INFO] [merge.zillow_metrics]     -> 26 metros
[2026-02-20 02:19:32] [INFO] [merge.zillow_metrics]   Reading National_zorf_growth_uc_sfr_sm_month.csv as 'ZORF_Growth'...
[2026-02-20 02:19:32] [INFO] [merge.zillow_metrics]     -> 0 metros
[2026-02-20 02:19:32] [INFO] [merge.zillow_metrics]   Reading Metro_invt_fs_uc_sfrcondo_sm_month.csv as 'Inventory'...
[2026-02-20 02:19:32] [INFO] [merge.zillow_metrics]     -> 29 metros
[2026-02-20 02:19:32] [INFO] [merge.zillow_metrics]   Reading Metro_sales_count_now_uc_sfrcondo_month.csv as 'Sales_Count'...
[2026-02-20 02:19:32] [INFO] [merge.zillow_metrics]     -> 8 metros
[2026-02-20 02:19:32] [INFO] [merge.zillow_metrics]   Reading Metro_mean_doz_pending_uc_sfrcondo_sm_month.csv as 'Days_on_Market'...
[2026-02-20 02:19:32] [INFO] [merge.zillow_metrics]     -> 25 metros
[2026-02-20 02:19:32] [INFO] [merge.zillow_metrics]   Reading Metro_market_temp_index_uc_sfrcondo_month.csv as 'Market_Temp'...
[2026-02-20 02:19:32] [INFO] [merge.zillow_metrics]     -> 29 metros
[2026-02-20 02:19:32] [INFO] [merge.zillow_metrics]   Reading Metro_new_con_sales_count_raw_uc_sfrcondo_month.csv as 'New_Construction'...
[2026-02-20 02:19:32] [INFO] [merge.zillow_metrics]     -> 26 metros
[2026-02-20 02:19:32] [INFO] [merge.zillow_metrics]   Reading Metro_new_homeowner_income_needed_downpayment_0.20_uc_sfrcondo_tier_0.33_0.67_sm_sa_month.csv as 'Income_Needed'...
[2026-02-20 02:19:32] [INFO] [merge.zillow_metrics]     -> 22 metros
[2026-02-20 02:19:32] [INFO] [merge.zillow_metrics] Wrote florida_zillow_metrics_monthly.csv: 29 metros, 11 metrics, 9164 rows
[2026-02-25 20:04:55] [INFO] [merge.hurricane_economic] Merging hurricane track + economic data...
[2026-02-25 20:04:55] [INFO] [merge.hurricane_economic]   Track records: 1
[2026-02-25 20:04:55] [INFO] [merge.hurricane_economic]   Economic records: 22
[2026-02-25 20:04:55] [INFO] [merge.hurricane_economic] Wrote 22 merged rows to /workspaces/qm2023-capstone-1st-row-team/data/processed/florida_hurricane_economic_merged.csv
[2026-02-25 20:04:55] [INFO] [merge.zillow_metrics] Merging Zillow metrics for Florida MSAs...
[2026-02-25 20:04:55] [INFO] [merge.zillow_metrics]   Reading Metro_zhvi_uc_sfrcondo_tier_0.33_0.67_sm_sa_month.csv as 'ZHVI'...
[2026-02-25 20:04:55] [INFO] [merge.zillow_metrics]     -> 29 metros
[2026-02-25 20:04:55] [INFO] [merge.zillow_metrics]   Reading State_zhvi_uc_sfrcondo_tier_0.33_0.67_sm_sa_month.csv as 'ZHVI_State'...
[2026-02-25 20:04:55] [INFO] [merge.zillow_metrics]     -> 0 metros
[2026-02-25 20:04:55] [INFO] [merge.zillow_metrics]   Reading Metro_zhvf_growth_uc_sfrcondo_tier_0.33_0.67_sm_sa_month.csv as 'ZHVF_Growth'...
[2026-02-25 20:04:55] [INFO] [merge.zillow_metrics]     -> 29 metros
[2026-02-25 20:04:55] [INFO] [merge.zillow_metrics]   Reading Metro_zori_uc_sfrcondomfr_sm_month.csv as 'ZORI'...
[2026-02-25 20:04:55] [INFO] [merge.zillow_metrics]     -> 26 metros
[2026-02-25 20:04:55] [INFO] [merge.zillow_metrics]   Reading National_zorf_growth_uc_sfr_sm_month.csv as 'ZORF_Growth'...
[2026-02-25 20:04:55] [INFO] [merge.zillow_metrics]     -> 0 metros
[2026-02-25 20:04:55] [INFO] [merge.zillow_metrics]   Reading Metro_invt_fs_uc_sfrcondo_sm_month.csv as 'Inventory'...
[2026-02-25 20:04:55] [INFO] [merge.zillow_metrics]     -> 29 metros
[2026-02-25 20:04:55] [INFO] [merge.zillow_metrics]   Reading Metro_sales_count_now_uc_sfrcondo_month.csv as 'Sales_Count'...
[2026-02-25 20:04:55] [INFO] [merge.zillow_metrics]     -> 8 metros
[2026-02-25 20:04:55] [INFO] [merge.zillow_metrics]   Reading Metro_mean_doz_pending_uc_sfrcondo_sm_month.csv as 'Days_on_Market'...
[2026-02-25 20:04:55] [INFO] [merge.zillow_metrics]     -> 25 metros
[2026-02-25 20:04:55] [INFO] [merge.zillow_metrics]   Reading Metro_market_temp_index_uc_sfrcondo_month.csv as 'Market_Temp'...
[2026-02-25 20:04:55] [INFO] [merge.zillow_metrics]     -> 29 metros
[2026-02-25 20:04:55] [INFO] [merge.zillow_metrics]   Reading Metro_new_con_sales_count_raw_uc_sfrcondo_month.csv as 'New_Construction'...
[2026-02-25 20:04:55] [INFO] [merge.zillow_metrics]     -> 26 metros
[2026-02-25 20:04:55] [INFO] [merge.zillow_metrics]   Reading Metro_new_homeowner_income_needed_downpayment_0.20_uc_sfrcondo_tier_0.33_0.67_sm_sa_month.csv as 'Income_Needed'...
[2026-02-25 20:04:55] [INFO] [merge.zillow_metrics]     -> 22 metros
[2026-02-25 20:04:55] [INFO] [merge.zillow_metrics] Wrote florida_zillow_metrics_monthly.csv: 29 metros, 11 metrics, 9164 rows
[2026-02-25 20:39:38] [INFO] [merge.hurricane_economic] Merging hurricane track + economic data...
[2026-02-25 20:39:38] [INFO] [merge.hurricane_economic]   Track records: 1
[2026-02-25 20:39:38] [INFO] [merge.hurricane_economic]   Economic records: 22
[2026-02-25 20:39:38] [INFO] [merge.hurricane_economic] Wrote 22 merged rows to /workspaces/qm2023-capstone-1st-row-team/data/processed/florida_hurricane_economic_merged.csv
[2026-02-25 20:39:38] [INFO] [merge.zillow_metrics] Merging Zillow metrics for Florida MSAs...
[2026-02-25 20:39:38] [INFO] [merge.zillow_metrics]   Reading Metro_zhvi_uc_sfrcondo_tier_0.33_0.67_sm_sa_month.csv as 'ZHVI'...
[2026-02-25 20:39:38] [INFO] [merge.zillow_metrics]     -> 29 metros
[2026-02-25 20:39:38] [INFO] [merge.zillow_metrics]   Reading State_zhvi_uc_sfrcondo_tier_0.33_0.67_sm_sa_month.csv as 'ZHVI_State'...
[2026-02-25 20:39:38] [INFO] [merge.zillow_metrics]     -> 0 metros
[2026-02-25 20:39:38] [INFO] [merge.zillow_metrics]   Reading Metro_zhvf_growth_uc_sfrcondo_tier_0.33_0.67_sm_sa_month.csv as 'ZHVF_Growth'...
[2026-02-25 20:39:38] [INFO] [merge.zillow_metrics]     -> 29 metros
[2026-02-25 20:39:38] [INFO] [merge.zillow_metrics]   Reading Metro_zori_uc_sfrcondomfr_sm_month.csv as 'ZORI'...
[2026-02-25 20:39:38] [INFO] [merge.zillow_metrics]     -> 26 metros
[2026-02-25 20:39:38] [INFO] [merge.zillow_metrics]   Reading National_zorf_growth_uc_sfr_sm_month.csv as 'ZORF_Growth'...
[2026-02-25 20:39:38] [INFO] [merge.zillow_metrics]     -> 0 metros
[2026-02-25 20:39:38] [INFO] [merge.zillow_metrics]   Reading Metro_invt_fs_uc_sfrcondo_sm_month.csv as 'Inventory'...
[2026-02-25 20:39:39] [INFO] [merge.zillow_metrics]     -> 29 metros
[2026-02-25 20:39:39] [INFO] [merge.zillow_metrics]   Reading Metro_sales_count_now_uc_sfrcondo_month.csv as 'Sales_Count'...
[2026-02-25 20:39:39] [INFO] [merge.zillow_metrics]     -> 8 metros
[2026-02-25 20:39:39] [INFO] [merge.zillow_metrics]   Reading Metro_mean_doz_pending_uc_sfrcondo_sm_month.csv as 'Days_on_Market'...
[2026-02-25 20:39:39] [INFO] [merge.zillow_metrics]     -> 25 metros
[2026-02-25 20:39:39] [INFO] [merge.zillow_metrics]   Reading Metro_market_temp_index_uc_sfrcondo_month.csv as 'Market_Temp'...
[2026-02-25 20:39:39] [INFO] [merge.zillow_metrics]     -> 29 metros
[2026-02-25 20:39:39] [INFO] [merge.zillow_metrics]   Reading Metro_new_con_sales_count_raw_uc_sfrcondo_month.csv as 'New_Construction'...
[2026-02-25 20:39:39] [INFO] [merge.zillow_metrics]     -> 26 metros
[2026-02-25 20:39:39] [INFO] [merge.zillow_metrics]   Reading Metro_new_homeowner_income_needed_downpayment_0.20_uc_sfrcondo_tier_0.33_0.67_sm_sa_month.csv as 'Income_Needed'...
[2026-02-25 20:39:39] [INFO] [merge.zillow_metrics]     -> 22 metros
[2026-02-25 20:39:39] [INFO] [merge.zillow_metrics] Wrote florida_zillow_metrics_monthly.csv: 29 metros, 11 metrics, 9164 rows
[2026-02-25 20:40:35] [INFO] [merge.hurricane_economic] Merging hurricane track + economic data...
[2026-02-25 20:40:35] [INFO] [merge.hurricane_economic]   Track records: 1
[2026-02-25 20:40:35] [INFO] [merge.hurricane_economic]   Economic records: 22
[2026-02-25 20:40:35] [INFO] [merge.hurricane_economic] Wrote 22 merged rows to /workspaces/qm2023-capstone-1st-row-team/data/processed/florida_hurricane_economic_merged.csv
[2026-02-25 20:40:35] [INFO] [merge.zillow_metrics] Merging Zillow metrics for Florida MSAs...
[2026-02-25 20:40:35] [INFO] [merge.zillow_metrics]   Reading Metro_zhvi_uc_sfrcondo_tier_0.33_0.67_sm_sa_month.csv as 'ZHVI'...
[2026-02-25 20:40:35] [INFO] [merge.zillow_metrics]     -> 29 metros
[2026-02-25 20:40:35] [INFO] [merge.zillow_metrics]   Reading State_zhvi_uc_sfrcondo_tier_0.33_0.67_sm_sa_month.csv as 'ZHVI_State'...
[2026-02-25 20:40:35] [INFO] [merge.zillow_metrics]     -> 0 metros
[2026-02-25 20:40:35] [INFO] [merge.zillow_metrics]   Reading Metro_zhvf_growth_uc_sfrcondo_tier_0.33_0.67_sm_sa_month.csv as 'ZHVF_Growth'...
[2026-02-25 20:40:35] [INFO] [merge.zillow_metrics]     -> 29 metros
[2026-02-25 20:40:35] [INFO] [merge.zillow_metrics]   Reading Metro_zori_uc_sfrcondomfr_sm_month.csv as 'ZORI'...
[2026-02-25 20:40:35] [INFO] [merge.zillow_metrics]     -> 26 metros
[2026-02-25 20:40:35] [INFO] [merge.zillow_metrics]   Reading National_zorf_growth_uc_sfr_sm_month.csv as 'ZORF_Growth'...
[2026-02-25 20:40:35] [INFO] [merge.zillow_metrics]     -> 0 metros
[2026-02-25 20:40:35] [INFO] [merge.zillow_metrics]   Reading Metro_invt_fs_uc_sfrcondo_sm_month.csv as 'Inventory'...
[2026-02-25 20:40:35] [INFO] [merge.zillow_metrics]     -> 29 metros
[2026-02-25 20:40:35] [INFO] [merge.zillow_metrics]   Reading Metro_sales_count_now_uc_sfrcondo_month.csv as 'Sales_Count'...
[2026-02-25 20:40:35] [INFO] [merge.zillow_metrics]     -> 8 metros
[2026-02-25 20:40:35] [INFO] [merge.zillow_metrics]   Reading Metro_mean_doz_pending_uc_sfrcondo_sm_month.csv as 'Days_on_Market'...
[2026-02-25 20:40:35] [INFO] [merge.zillow_metrics]     -> 25 metros
[2026-02-25 20:40:35] [INFO] [merge.zillow_metrics]   Reading Metro_market_temp_index_uc_sfrcondo_month.csv as 'Market_Temp'...
[2026-02-25 20:40:35] [INFO] [merge.zillow_metrics]     -> 29 metros
[2026-02-25 20:40:35] [INFO] [merge.zillow_metrics]   Reading Metro_new_con_sales_count_raw_uc_sfrcondo_month.csv as 'New_Construction'...
[2026-02-25 20:40:35] [INFO] [merge.zillow_metrics]     -> 26 metros
[2026-02-25 20:40:35] [INFO] [merge.zillow_metrics]   Reading Metro_new_homeowner_income_needed_downpayment_0.20_uc_sfrcondo_tier_0.33_0.67_sm_sa_month.csv as 'Income_Needed'...
[2026-02-25 20:40:35] [INFO] [merge.zillow_metrics]     -> 22 metros
[2026-02-25 20:40:35] [INFO] [merge.zillow_metrics] Wrote florida_zillow_metrics_monthly.csv: 29 metros, 11 metrics, 9164 rows
[2026-02-25 20:44:01] [INFO] [merge.hurricane_economic] Merging hurricane track + economic data...
[2026-02-25 20:44:01] [INFO] [merge.hurricane_economic]   Track records: 1
[2026-02-25 20:44:01] [INFO] [merge.hurricane_economic]   Economic records: 22
[2026-02-25 20:44:01] [INFO] [merge.hurricane_economic] Wrote 22 merged rows to /workspaces/qm2023-capstone-1st-row-team/data/processed/florida_hurricane_economic_merged.csv
[2026-02-25 20:44:01] [INFO] [merge.zillow_metrics] Merging Zillow metrics for Florida MSAs...
[2026-02-25 20:44:01] [INFO] [merge.zillow_metrics]   Reading Metro_zhvi_uc_sfrcondo_tier_0.33_0.67_sm_sa_month.csv as 'ZHVI'...
[2026-02-25 20:44:01] [INFO] [merge.zillow_metrics]     -> 29 metros
[2026-02-25 20:44:01] [INFO] [merge.zillow_metrics]   Reading State_zhvi_uc_sfrcondo_tier_0.33_0.67_sm_sa_month.csv as 'ZHVI_State'...
[2026-02-25 20:44:01] [INFO] [merge.zillow_metrics]     -> 0 metros
[2026-02-25 20:44:01] [INFO] [merge.zillow_metrics]   Reading Metro_zhvf_growth_uc_sfrcondo_tier_0.33_0.67_sm_sa_month.csv as 'ZHVF_Growth'...
[2026-02-25 20:44:01] [INFO] [merge.zillow_metrics]     -> 29 metros
[2026-02-25 20:44:01] [INFO] [merge.zillow_metrics]   Reading Metro_zori_uc_sfrcondomfr_sm_month.csv as 'ZORI'...
[2026-02-25 20:44:01] [INFO] [merge.zillow_metrics]     -> 26 metros
[2026-02-25 20:44:01] [INFO] [merge.zillow_metrics]   Reading National_zorf_growth_uc_sfr_sm_month.csv as 'ZORF_Growth'...
[2026-02-25 20:44:01] [INFO] [merge.zillow_metrics]     -> 0 metros
[2026-02-25 20:44:01] [INFO] [merge.zillow_metrics]   Reading Metro_invt_fs_uc_sfrcondo_sm_month.csv as 'Inventory'...
[2026-02-25 20:44:01] [INFO] [merge.zillow_metrics]     -> 29 metros
[2026-02-25 20:44:01] [INFO] [merge.zillow_metrics]   Reading Metro_sales_count_now_uc_sfrcondo_month.csv as 'Sales_Count'...
[2026-02-25 20:44:01] [INFO] [merge.zillow_metrics]     -> 8 metros
[2026-02-25 20:44:01] [INFO] [merge.zillow_metrics]   Reading Metro_mean_doz_pending_uc_sfrcondo_sm_month.csv as 'Days_on_Market'...
[2026-02-25 20:44:01] [INFO] [merge.zillow_metrics]     -> 25 metros
[2026-02-25 20:44:01] [INFO] [merge.zillow_metrics]   Reading Metro_market_temp_index_uc_sfrcondo_month.csv as 'Market_Temp'...
[2026-02-25 20:44:01] [INFO] [merge.zillow_metrics]     -> 29 metros
[2026-02-25 20:44:01] [INFO] [merge.zillow_metrics]   Reading Metro_new_con_sales_count_raw_uc_sfrcondo_month.csv as 'New_Construction'...
[2026-02-25 20:44:02] [INFO] [merge.zillow_metrics]     -> 26 metros
[2026-02-25 20:44:02] [INFO] [merge.zillow_metrics]   Reading Metro_new_homeowner_income_needed_downpayment_0.20_uc_sfrcondo_tier_0.33_0.67_sm_sa_month.csv as 'Income_Needed'...
[2026-02-25 20:44:02] [INFO] [merge.zillow_metrics]     -> 22 metros
[2026-02-25 20:44:02] [INFO] [merge.zillow_metrics] Wrote florida_zillow_metrics_monthly.csv: 29 metros, 11 metrics, 9164 rows
[2026-02-25 20:47:07] [INFO] [merge.hurricane_economic] Merging hurricane track + economic data...
[2026-02-25 20:47:07] [INFO] [merge.hurricane_economic]   Track records: 1
[2026-02-25 20:47:07] [INFO] [merge.hurricane_economic]   Economic records: 22
[2026-02-25 20:47:07] [INFO] [merge.hurricane_economic] Wrote 22 merged rows to /workspaces/qm2023-capstone-1st-row-team/data/processed/florida_hurricane_economic_merged.csv
[2026-02-25 20:47:07] [INFO] [merge.zillow_metrics] Merging Zillow metrics for Florida MSAs...
[2026-02-25 20:47:07] [INFO] [merge.zillow_metrics]   Reading Metro_zhvi_uc_sfrcondo_tier_0.33_0.67_sm_sa_month.csv as 'ZHVI'...
[2026-02-25 20:47:07] [INFO] [merge.zillow_metrics]     -> 29 metros
[2026-02-25 20:47:07] [INFO] [merge.zillow_metrics]   Reading State_zhvi_uc_sfrcondo_tier_0.33_0.67_sm_sa_month.csv as 'ZHVI_State'...
[2026-02-25 20:47:07] [INFO] [merge.zillow_metrics]     -> 0 metros
[2026-02-25 20:47:07] [INFO] [merge.zillow_metrics]   Reading Metro_zhvf_growth_uc_sfrcondo_tier_0.33_0.67_sm_sa_month.csv as 'ZHVF_Growth'...
[2026-02-25 20:47:07] [INFO] [merge.zillow_metrics]     -> 29 metros
[2026-02-25 20:47:07] [INFO] [merge.zillow_metrics]   Reading Metro_zori_uc_sfrcondomfr_sm_month.csv as 'ZORI'...
[2026-02-25 20:47:07] [INFO] [merge.zillow_metrics]     -> 26 metros
[2026-02-25 20:47:07] [INFO] [merge.zillow_metrics]   Reading National_zorf_growth_uc_sfr_sm_month.csv as 'ZORF_Growth'...
[2026-02-25 20:47:07] [INFO] [merge.zillow_metrics]     -> 0 metros
[2026-02-25 20:47:07] [INFO] [merge.zillow_metrics]   Reading Metro_invt_fs_uc_sfrcondo_sm_month.csv as 'Inventory'...
[2026-02-25 20:47:07] [INFO] [merge.zillow_metrics]     -> 29 metros
[2026-02-25 20:47:07] [INFO] [merge.zillow_metrics]   Reading Metro_sales_count_now_uc_sfrcondo_month.csv as 'Sales_Count'...
[2026-02-25 20:47:07] [INFO] [merge.zillow_metrics]     -> 8 metros
[2026-02-25 20:47:07] [INFO] [merge.zillow_metrics]   Reading Metro_mean_doz_pending_uc_sfrcondo_sm_month.csv as 'Days_on_Market'...
[2026-02-25 20:47:07] [INFO] [merge.zillow_metrics]     -> 25 metros
[2026-02-25 20:47:07] [INFO] [merge.zillow_metrics]   Reading Metro_market_temp_index_uc_sfrcondo_month.csv as 'Market_Temp'...
[2026-02-25 20:47:07] [INFO] [merge.zillow_metrics]     -> 29 metros
[2026-02-25 20:47:07] [INFO] [merge.zillow_metrics]   Reading Metro_new_con_sales_count_raw_uc_sfrcondo_month.csv as 'New_Construction'...
[2026-02-25 20:47:07] [INFO] [merge.zillow_metrics]     -> 26 metros
[2026-02-25 20:47:07] [INFO] [merge.zillow_metrics]   Reading Metro_new_homeowner_income_needed_downpayment_0.20_uc_sfrcondo_tier_0.33_0.67_sm_sa_month.csv as 'Income_Needed'...
[2026-02-25 20:47:07] [INFO] [merge.zillow_metrics]     -> 22 metros
[2026-02-25 20:47:07] [INFO] [merge.zillow_metrics] Wrote florida_zillow_metrics_monthly.csv: 29 metros, 11 metrics, 9164 rows
[2026-02-25 20:48:07] [INFO] [merge.hurricane_economic] Merging hurricane track + economic data...
[2026-02-25 20:48:07] [INFO] [merge.hurricane_economic]   Track records: 1
[2026-02-25 20:48:07] [INFO] [merge.hurricane_economic]   Economic records: 22
[2026-02-25 20:48:07] [INFO] [merge.hurricane_economic] Wrote 22 merged rows to /workspaces/qm2023-capstone-1st-row-team/data/processed/florida_hurricane_economic_merged.csv
[2026-02-25 20:48:07] [INFO] [merge.zillow_metrics] Merging Zillow metrics for Florida MSAs...
[2026-02-25 20:48:07] [INFO] [merge.zillow_metrics]   Reading Metro_zhvi_uc_sfrcondo_tier_0.33_0.67_sm_sa_month.csv as 'ZHVI'...
[2026-02-25 20:48:08] [INFO] [merge.zillow_metrics]     -> 29 metros
[2026-02-25 20:48:08] [INFO] [merge.zillow_metrics]   Reading State_zhvi_uc_sfrcondo_tier_0.33_0.67_sm_sa_month.csv as 'ZHVI_State'...
[2026-02-25 20:48:08] [INFO] [merge.zillow_metrics]     -> 0 metros
[2026-02-25 20:48:08] [INFO] [merge.zillow_metrics]   Reading Metro_zhvf_growth_uc_sfrcondo_tier_0.33_0.67_sm_sa_month.csv as 'ZHVF_Growth'...
[2026-02-25 20:48:08] [INFO] [merge.zillow_metrics]     -> 29 metros
[2026-02-25 20:48:08] [INFO] [merge.zillow_metrics]   Reading Metro_zori_uc_sfrcondomfr_sm_month.csv as 'ZORI'...
[2026-02-25 20:48:08] [INFO] [merge.zillow_metrics]     -> 26 metros
[2026-02-25 20:48:08] [INFO] [merge.zillow_metrics]   Reading National_zorf_growth_uc_sfr_sm_month.csv as 'ZORF_Growth'...
[2026-02-25 20:48:08] [INFO] [merge.zillow_metrics]     -> 0 metros
[2026-02-25 20:48:08] [INFO] [merge.zillow_metrics]   Reading Metro_invt_fs_uc_sfrcondo_sm_month.csv as 'Inventory'...
[2026-02-25 20:48:08] [INFO] [merge.zillow_metrics]     -> 29 metros
[2026-02-25 20:48:08] [INFO] [merge.zillow_metrics]   Reading Metro_sales_count_now_uc_sfrcondo_month.csv as 'Sales_Count'...
[2026-02-25 20:48:08] [INFO] [merge.zillow_metrics]     -> 8 metros
[2026-02-25 20:48:08] [INFO] [merge.zillow_metrics]   Reading Metro_mean_doz_pending_uc_sfrcondo_sm_month.csv as 'Days_on_Market'...
[2026-02-25 20:48:08] [INFO] [merge.zillow_metrics]     -> 25 metros
[2026-02-25 20:48:08] [INFO] [merge.zillow_metrics]   Reading Metro_market_temp_index_uc_sfrcondo_month.csv as 'Market_Temp'...
[2026-02-25 20:48:08] [INFO] [merge.zillow_metrics]     -> 29 metros
[2026-02-25 20:48:08] [INFO] [merge.zillow_metrics]   Reading Metro_new_con_sales_count_raw_uc_sfrcondo_month.csv as 'New_Construction'...
[2026-02-25 20:48:08] [INFO] [merge.zillow_metrics]     -> 26 metros
[2026-02-25 20:48:08] [INFO] [merge.zillow_metrics]   Reading Metro_new_homeowner_income_needed_downpayment_0.20_uc_sfrcondo_tier_0.33_0.67_sm_sa_month.csv as 'Income_Needed'...
[2026-02-25 20:48:08] [INFO] [merge.zillow_metrics]     -> 22 metros
[2026-02-25 20:48:08] [INFO] [merge.zillow_metrics] Wrote florida_zillow_metrics_monthly.csv: 29 metros, 11 metrics, 9164 rows
